Log file opened on Thu Jan 10 16:05:13 2013
Host: james10uc  pid: 7031  nodeid: 0  nnodes:  1
The Gromacs distribution was built Tue Apr  6 12:54:40 BST 2010 by
james@james10uc (Linux 2.6.31-20-generic x86_64)


                         :-)  G  R  O  M  A  C  S  (-:

                               Grunge ROck MAChoS

               :-)  VERSION v4.0.7-17-g49b10d5dc93f1ed2411d  (-:


      Written by David van der Spoel, Erik Lindahl, Berk Hess, and others.
       Copyright (c) 1991-2000, University of Groningen, The Netherlands.
             Copyright (c) 2001-2008, The GROMACS development team,
            check out http://www.gromacs.org for more information.

         This program is free software; you can redistribute it and/or
          modify it under the terms of the GNU General Public License
         as published by the Free Software Foundation; either version 2
             of the License, or (at your option) any later version.

                                :-)  mdrun  (-:


++++ PLEASE READ AND CITE THE FOLLOWING REFERENCE ++++
B. Hess and C. Kutzner and D. van der Spoel and E. Lindahl
GROMACS 4: Algorithms for highly efficient, load-balanced, and scalable
molecular simulation
J. Chem. Theory Comput. 4 (2008) pp. 435-447
-------- -------- --- Thank You --- -------- --------


++++ PLEASE READ AND CITE THE FOLLOWING REFERENCE ++++
D. van der Spoel, E. Lindahl, B. Hess, G. Groenhof, A. E. Mark and H. J. C.
Berendsen
GROMACS: Fast, Flexible and Free
J. Comp. Chem. 26 (2005) pp. 1701-1719
-------- -------- --- Thank You --- -------- --------


++++ PLEASE READ AND CITE THE FOLLOWING REFERENCE ++++
E. Lindahl and B. Hess and D. van der Spoel
GROMACS 3.0: A package for molecular simulation and trajectory analysis
J. Mol. Mod. 7 (2001) pp. 306-317
-------- -------- --- Thank You --- -------- --------


++++ PLEASE READ AND CITE THE FOLLOWING REFERENCE ++++
H. J. C. Berendsen, D. van der Spoel and R. van Drunen
GROMACS: A message-passing parallel molecular dynamics implementation
Comp. Phys. Comm. 91 (1995) pp. 43-56
-------- -------- --- Thank You --- -------- --------

Input Parameters:
   integrator           = md
   nsteps               = 1000000
   init_step            = 0
   ns_type              = Grid
   nstlist              = 5
   ndelta               = 2
   nstcomm              = 1
   comm_mode            = Linear
   nstlog               = 5000
   nstxout              = 500
   nstvout              = 5000
   nstfout              = 0
   nstenergy            = 5000
   nstxtcout            = 5000
   init_t               = 0
   delta_t              = 0.02
   xtcprec              = 1000
   nkx                  = 0
   nky                  = 0
   nkz                  = 0
   pme_order            = 4
   ewald_rtol           = 1e-05
   ewald_geometry       = 0
   epsilon_surface      = 0
   optimize_fft         = FALSE
   ePBC                 = xyz
   bPeriodicMols        = FALSE
   bContinuation        = FALSE
   bShakeSOR            = FALSE
   etc                  = V-rescale
   epc                  = Berendsen
   epctype              = Isotropic
   tau_p                = 5
   ref_p (3x3):
      ref_p[    0]={ 1.00000e+00,  0.00000e+00,  0.00000e+00}
      ref_p[    1]={ 0.00000e+00,  1.00000e+00,  0.00000e+00}
      ref_p[    2]={ 0.00000e+00,  0.00000e+00,  1.00000e+00}
   compress (3x3):
      compress[    0]={ 4.50000e-05,  0.00000e+00,  0.00000e+00}
      compress[    1]={ 0.00000e+00,  4.50000e-05,  0.00000e+00}
      compress[    2]={ 0.00000e+00,  0.00000e+00,  4.50000e-05}
   refcoord_scaling     = No
   posres_com (3):
      posres_com[0]= 0.00000e+00
      posres_com[1]= 0.00000e+00
      posres_com[2]= 0.00000e+00
   posres_comB (3):
      posres_comB[0]= 0.00000e+00
      posres_comB[1]= 0.00000e+00
      posres_comB[2]= 0.00000e+00
   andersen_seed        = 815131
   rlist                = 3.85
   rtpi                 = 0.05
   coulombtype          = Cut-off
   rcoulomb_switch      = 0
   rcoulomb             = 3.85
   vdwtype              = Cut-off
   rvdw_switch          = 0
   rvdw                 = 3.85
   epsilon_r            = 1
   epsilon_rf           = 1
   tabext               = 1
   implicit_solvent     = No
   gb_algorithm         = Still
   gb_epsilon_solvent   = 80
   nstgbradii           = 1
   rgbradii             = 2
   gb_saltconc          = 0
   gb_obc_alpha         = 1
   gb_obc_beta          = 0.8
   gb_obc_gamma         = 4.85
   sa_surface_tension   = 2.092
   DispCorr             = No
   free_energy          = no
   init_lambda          = 0
   sc_alpha             = 0
   sc_power             = 0
   sc_sigma             = 0.3
   delta_lambda         = 0
   nwall                = 0
   wall_type            = 9-3
   wall_atomtype[0]     = -1
   wall_atomtype[1]     = -1
   wall_density[0]      = 0
   wall_density[1]      = 0
   wall_ewald_zfac      = 3
   pull                 = no
   disre                = No
   disre_weighting      = Conservative
   disre_mixed          = FALSE
   dr_fc                = 1000
   dr_tau               = 0
   nstdisreout          = 100
   orires_fc            = 0
   orires_tau           = 0
   nstorireout          = 100
   dihre-fc             = 1000
   em_stepsize          = 0.1
   em_tol               = 100
   niter                = 20
   fc_stepsize          = 0
   nstcgsteep           = 1000
   nbfgscorr            = 10
   ConstAlg             = Lincs
   shake_tol            = 0.0001
   lincs_order          = 4
   lincs_warnangle      = 30
   lincs_iter           = 1
   bd_fric              = 0.1
   ld_seed              = 1993
   cos_accel            = 0
   deform (3x3):
      deform[    0]={ 0.00000e+00,  0.00000e+00,  0.00000e+00}
      deform[    1]={ 0.00000e+00,  0.00000e+00,  0.00000e+00}
      deform[    2]={ 0.00000e+00,  0.00000e+00,  0.00000e+00}
   userint1             = 0
   userint2             = 0
   userint3             = 0
   userint4             = 0
   userreal1            = 0
   userreal2            = 0
   userreal3            = 0
   userreal4            = 0
grpopts:
   nrdf:        4997
   ref_t:         300
   tau_t:         0.2
anneal:          No
ann_npoints:           0
   acc:	           0           0           0
   nfreeze:           N           N           N
   energygrp_flags[  0]: 0
   efield-x:
      n = 0
   efield-xt:
      n = 0
   efield-y:
      n = 0
   efield-yt:
      n = 0
   efield-z:
      n = 0
   efield-zt:
      n = 0
   bQMMM                = FALSE
   QMconstraints        = 0
   QMMMscheme           = 0
   scalefactor          = 1
qm_opts:
   ngQM                 = 0
Table routines are used for coulomb: FALSE
Table routines are used for vdw:     FALSE
Cut-off's:   NS: 3.85   Coulomb: 3.85   LJ: 3.85
System total charge: 0.000
Configuring nonbonded kernels...
Testing x86_64 SSE support... present.


Removing pbc first time

Initializing LINear Constraint Solver

++++ PLEASE READ AND CITE THE FOLLOWING REFERENCE ++++
B. Hess and H. Bekker and H. J. C. Berendsen and J. G. E. M. Fraaije
LINCS: A Linear Constraint Solver for molecular simulations
J. Comp. Chem. 18 (1997) pp. 1463-1472
-------- -------- --- Thank You --- -------- --------

The number of constraints is 1000
Center of mass motion removal mode is Linear
We have the following groups for center of mass motion removal:
  0:  rest

++++ PLEASE READ AND CITE THE FOLLOWING REFERENCE ++++
G. Bussi, D. Donadio and M. Parrinello
Canonical sampling through velocity rescaling
J. Chem. Phys. 126 (2007) pp. 014101
-------- -------- --- Thank You --- -------- --------

There are: 2000 Atoms
Max number of connections per atom is 1
Total number of connections is 2000
Max number of graph edges per atom is 1
Total number of graph edges is 2000

Constraining the starting coordinates (step 0)

Constraining the coordinates at t0-dt (step 0)
RMS relative constraint deviation after constraining: 3.53e-07
Initial temperature: 300.234 K

Started mdrun on node 0 Thu Jan 10 16:05:13 2013

           Step           Time         Lambda
              0        0.00000        0.00000

Grid: 5 x 5 x 5 cells
   Energies (kJ/mol)
        LJ (SR)   Coulomb (SR)      Potential    Kinetic En.   Total Energy
    4.04914e+05    0.00000e+00    4.04914e+05    1.77067e+05    5.81982e+05
    Temperature Pressure (bar)  Cons. rmsd ()
    8.52358e+03    7.76983e+04    3.57598e-07

           Step           Time         Lambda
           5000      100.00000        0.00000

   Energies (kJ/mol)
        LJ (SR)   Coulomb (SR)      Potential    Kinetic En.   Total Energy
   -2.96798e+05    0.00000e+00   -2.96798e+05    6.19609e+03   -2.90601e+05
    Temperature Pressure (bar)  Cons. rmsd ()
    2.98265e+02    2.32686e+01    3.31640e-07

           Step           Time         Lambda
          10000      200.00000        0.00000

   Energies (kJ/mol)
        LJ (SR)   Coulomb (SR)      Potential    Kinetic En.   Total Energy
   -2.97142e+05    0.00000e+00   -2.97142e+05    6.35966e+03   -2.90783e+05
    Temperature Pressure (bar)  Cons. rmsd ()
    3.06138e+02    5.98158e+00    3.53973e-07

           Step           Time         Lambda
          15000      300.00000        0.00000

   Energies (kJ/mol)
        LJ (SR)   Coulomb (SR)      Potential    Kinetic En.   Total Energy
   -2.97309e+05    0.00000e+00   -2.97309e+05    6.12115e+03   -2.91188e+05
    Temperature Pressure (bar)  Cons. rmsd ()
    2.94657e+02    2.39321e+01    3.36558e-07

           Step           Time         Lambda
          20000      400.00000        0.00000

   Energies (kJ/mol)
        LJ (SR)   Coulomb (SR)      Potential    Kinetic En.   Total Energy
   -2.97383e+05    0.00000e+00   -2.97383e+05    6.31253e+03   -2.91070e+05
    Temperature Pressure (bar)  Cons. rmsd ()
    3.03870e+02    2.12151e+01    3.37306e-07

           Step           Time         Lambda
          25000      500.00000        0.00000

   Energies (kJ/mol)
        LJ (SR)   Coulomb (SR)      Potential    Kinetic En.   Total Energy
   -2.97717e+05    0.00000e+00   -2.97717e+05    6.12918e+03   -2.91588e+05
    Temperature Pressure (bar)  Cons. rmsd ()
    2.95044e+02   -8.84353e+00    3.58273e-07

           Step           Time         Lambda
          30000      600.00000        0.00000

   Energies (kJ/mol)
        LJ (SR)   Coulomb (SR)      Potential    Kinetic En.   Total Energy
   -2.97619e+05    0.00000e+00   -2.97619e+05    6.14081e+03   -2.91478e+05
    Temperature Pressure (bar)  Cons. rmsd ()
    2.95603e+02    1.19203e+01    3.29183e-07

           Step           Time         Lambda
          35000      700.00000        0.00000

   Energies (kJ/mol)
        LJ (SR)   Coulomb (SR)      Potential    Kinetic En.   Total Energy
   -2.97799e+05    0.00000e+00   -2.97799e+05    6.04419e+03   -2.91755e+05
    Temperature Pressure (bar)  Cons. rmsd ()
    2.90953e+02    8.06012e-01    3.45820e-07

           Step           Time         Lambda
          40000      800.00000        0.00000

   Energies (kJ/mol)
        LJ (SR)   Coulomb (SR)      Potential    Kinetic En.   Total Energy
   -2.97950e+05    0.00000e+00   -2.97950e+05    6.17073e+03   -2.91779e+05
    Temperature Pressure (bar)  Cons. rmsd ()
    2.97044e+02   -1.25480e+01    3.36917e-07

           Step           Time         Lambda
          45000      900.00000        0.00000

   Energies (kJ/mol)
        LJ (SR)   Coulomb (SR)      Potential    Kinetic En.   Total Energy
   -2.97841e+05    0.00000e+00   -2.97841e+05    6.19960e+03   -2.91642e+05
    Temperature Pressure (bar)  Cons. rmsd ()
    2.98433e+02   -8.21437e+00    3.28907e-07

           Step           Time         Lambda
          50000     1000.00000        0.00000

   Energies (kJ/mol)
        LJ (SR)   Coulomb (SR)      Potential    Kinetic En.   Total Energy
   -2.97963e+05    0.00000e+00   -2.97963e+05    6.08747e+03   -2.91876e+05
    Temperature Pressure (bar)  Cons. rmsd ()
    2.93036e+02   -1.99352e+01    3.46241e-07

           Step           Time         Lambda
          55000     1100.00000        0.00000

   Energies (kJ/mol)
        LJ (SR)   Coulomb (SR)      Potential    Kinetic En.   Total Energy
   -2.98122e+05    0.00000e+00   -2.98122e+05    6.21433e+03   -2.91907e+05
    Temperature Pressure (bar)  Cons. rmsd ()
    2.99142e+02   -3.21400e+01    3.41587e-07

           Step           Time         Lambda
          60000     1200.00000        0.00000

   Energies (kJ/mol)
        LJ (SR)   Coulomb (SR)      Potential    Kinetic En.   Total Energy
   -2.97823e+05    0.00000e+00   -2.97823e+05    6.30924e+03   -2.91513e+05
    Temperature Pressure (bar)  Cons. rmsd ()
    3.03711e+02    1.37501e+01    3.46143e-07

           Step           Time         Lambda
          65000     1300.00000        0.00000

   Energies (kJ/mol)
        LJ (SR)   Coulomb (SR)      Potential    Kinetic En.   Total Energy
   -2.98260e+05    0.00000e+00   -2.98260e+05    6.15228e+03   -2.92107e+05
    Temperature Pressure (bar)  Cons. rmsd ()
    2.96156e+02   -2.21688e+01    3.34233e-07

           Step           Time         Lambda
          70000     1400.00000        0.00000

   Energies (kJ/mol)
        LJ (SR)   Coulomb (SR)      Potential    Kinetic En.   Total Energy
   -2.98191e+05    0.00000e+00   -2.98191e+05    6.41041e+03   -2.91781e+05
    Temperature Pressure (bar)  Cons. rmsd ()
    3.08581e+02   -1.21886e+01    3.52449e-07

           Step           Time         Lambda
          75000     1500.00000        0.00000

   Energies (kJ/mol)
        LJ (SR)   Coulomb (SR)      Potential    Kinetic En.   Total Energy
   -2.97891e+05    0.00000e+00   -2.97891e+05    6.46766e+03   -2.91423e+05
    Temperature Pressure (bar)  Cons. rmsd ()
    3.11337e+02    1.34265e+01    3.40499e-07

           Step           Time         Lambda
          80000     1600.00000        0.00000

   Energies (kJ/mol)
        LJ (SR)   Coulomb (SR)      Potential    Kinetic En.   Total Energy
   -2.98194e+05    0.00000e+00   -2.98194e+05    6.14528e+03   -2.92049e+05
    Temperature Pressure (bar)  Cons. rmsd ()
    2.95819e+02   -2.15454e+01    3.45907e-07

           Step           Time         Lambda
          85000     1700.00000        0.00000

   Energies (kJ/mol)
        LJ (SR)   Coulomb (SR)      Potential    Kinetic En.   Total Energy
   -2.97754e+05    0.00000e+00   -2.97754e+05    6.16728e+03   -2.91587e+05
    Temperature Pressure (bar)  Cons. rmsd ()
    2.96878e+02    4.89269e+01    3.37022e-07

           Step           Time         Lambda
          90000     1800.00000        0.00000

Writing checkpoint, step 90000 at Thu Jan 10 16:20:43 2013

   Energies (kJ/mol)
        LJ (SR)   Coulomb (SR)      Potential    Kinetic En.   Total Energy
   -2.98001e+05    0.00000e+00   -2.98001e+05    6.25786e+03   -2.91743e+05
    Temperature Pressure (bar)  Cons. rmsd ()
    3.01238e+02    7.70791e+00    3.43035e-07

           Step           Time         Lambda
          95000     1900.00000        0.00000

   Energies (kJ/mol)
        LJ (SR)   Coulomb (SR)      Potential    Kinetic En.   Total Energy
   -2.98146e+05    0.00000e+00   -2.98146e+05    6.43544e+03   -2.91710e+05
    Temperature Pressure (bar)  Cons. rmsd ()
    3.09786e+02   -1.51622e+01    3.32335e-07

           Step           Time         Lambda
         100000     2000.00000        0.00000

   Energies (kJ/mol)
        LJ (SR)   Coulomb (SR)      Potential    Kinetic En.   Total Energy
   -2.98077e+05    0.00000e+00   -2.98077e+05    6.20588e+03   -2.91871e+05
    Temperature Pressure (bar)  Cons. rmsd ()
    2.98736e+02    6.82693e+00    3.42174e-07

           Step           Time         Lambda
         105000     2100.00000        0.00000

   Energies (kJ/mol)
        LJ (SR)   Coulomb (SR)      Potential    Kinetic En.   Total Energy
   -2.98234e+05    0.00000e+00   -2.98234e+05    6.12019e+03   -2.92113e+05
    Temperature Pressure (bar)  Cons. rmsd ()
    2.94611e+02   -8.64337e+00    3.27180e-07

           Step           Time         Lambda
         110000     2200.00000        0.00000

   Energies (kJ/mol)
        LJ (SR)   Coulomb (SR)      Potential    Kinetic En.   Total Energy
   -2.98064e+05    0.00000e+00   -2.98064e+05    6.30154e+03   -2.91762e+05
    Temperature Pressure (bar)  Cons. rmsd ()
    3.03341e+02    2.42635e+01    3.34233e-07

           Step           Time         Lambda
         115000     2300.00000        0.00000

   Energies (kJ/mol)
        LJ (SR)   Coulomb (SR)      Potential    Kinetic En.   Total Energy
   -2.97939e+05    0.00000e+00   -2.97939e+05    6.42893e+03   -2.91510e+05
    Temperature Pressure (bar)  Cons. rmsd ()
    3.09473e+02    2.57105e+01    3.22097e-07

           Step           Time         Lambda
         120000     2400.00000        0.00000

   Energies (kJ/mol)
        LJ (SR)   Coulomb (SR)      Potential    Kinetic En.   Total Energy
   -2.98237e+05    0.00000e+00   -2.98237e+05    6.32604e+03   -2.91911e+05
    Temperature Pressure (bar)  Cons. rmsd ()
    3.04520e+02   -1.29992e+01    3.38001e-07

           Step           Time         Lambda
         125000     2500.00000        0.00000

   Energies (kJ/mol)
        LJ (SR)   Coulomb (SR)      Potential    Kinetic En.   Total Energy
   -2.98299e+05    0.00000e+00   -2.98299e+05    6.19342e+03   -2.92106e+05
    Temperature Pressure (bar)  Cons. rmsd ()
    2.98136e+02   -2.54519e+01    3.36326e-07

           Step           Time         Lambda
         130000     2600.00000        0.00000

   Energies (kJ/mol)
        LJ (SR)   Coulomb (SR)      Potential    Kinetic En.   Total Energy
   -2.98044e+05    0.00000e+00   -2.98044e+05    6.31484e+03   -2.91730e+05
    Temperature Pressure (bar)  Cons. rmsd ()
    3.03981e+02    1.12155e+00    3.35876e-07

           Step           Time         Lambda
         135000     2700.00000        0.00000

   Energies (kJ/mol)
        LJ (SR)   Coulomb (SR)      Potential    Kinetic En.   Total Energy
   -2.98026e+05    0.00000e+00   -2.98026e+05    6.38161e+03   -2.91644e+05
    Temperature Pressure (bar)  Cons. rmsd ()
    3.07195e+02    1.31089e+01    3.43019e-07

           Step           Time         Lambda
         140000     2800.00000        0.00000

   Energies (kJ/mol)
        LJ (SR)   Coulomb (SR)      Potential    Kinetic En.   Total Energy
   -2.98015e+05    0.00000e+00   -2.98015e+05    6.03400e+03   -2.91981e+05
    Temperature Pressure (bar)  Cons. rmsd ()
    2.90462e+02    2.81710e+01    3.34881e-07

           Step           Time         Lambda
         145000     2900.00000        0.00000

   Energies (kJ/mol)
        LJ (SR)   Coulomb (SR)      Potential    Kinetic En.   Total Energy
   -2.98335e+05    0.00000e+00   -2.98335e+05    6.49273e+03   -2.91842e+05
    Temperature Pressure (bar)  Cons. rmsd ()
    3.12544e+02   -9.86135e+00    3.33109e-07

           Step           Time         Lambda
         150000     3000.00000        0.00000

   Energies (kJ/mol)
        LJ (SR)   Coulomb (SR)      Potential    Kinetic En.   Total Energy
   -2.98413e+05    0.00000e+00   -2.98413e+05    6.30167e+03   -2.92112e+05
    Temperature Pressure (bar)  Cons. rmsd ()
    3.03347e+02   -3.75848e+01    3.41473e-07

           Step           Time         Lambda
         155000     3100.00000        0.00000

   Energies (kJ/mol)
        LJ (SR)   Coulomb (SR)      Potential    Kinetic En.   Total Energy
   -2.98060e+05    0.00000e+00   -2.98060e+05    5.99479e+03   -2.92065e+05
    Temperature Pressure (bar)  Cons. rmsd ()
    2.88575e+02    4.17819e+00    3.52812e-07

           Step           Time         Lambda
         160000     3200.00000        0.00000

   Energies (kJ/mol)
        LJ (SR)   Coulomb (SR)      Potential    Kinetic En.   Total Energy
   -2.98226e+05    0.00000e+00   -2.98226e+05    6.05154e+03   -2.92175e+05
    Temperature Pressure (bar)  Cons. rmsd ()
    2.91306e+02   -6.86378e+00    3.30825e-07

           Step           Time         Lambda
         165000     3300.00000        0.00000

   Energies (kJ/mol)
        LJ (SR)   Coulomb (SR)      Potential    Kinetic En.   Total Energy
   -2.98094e+05    0.00000e+00   -2.98094e+05    6.23940e+03   -2.91854e+05
    Temperature Pressure (bar)  Cons. rmsd ()
    3.00350e+02   -5.09393e+00    3.38809e-07

           Step           Time         Lambda
         170000     3400.00000        0.00000

   Energies (kJ/mol)
        LJ (SR)   Coulomb (SR)      Potential    Kinetic En.   Total Energy
   -2.98224e+05    0.00000e+00   -2.98224e+05    6.13072e+03   -2.92094e+05
    Temperature Pressure (bar)  Cons. rmsd ()
    2.95118e+02    4.36064e+00    3.30094e-07

           Step           Time         Lambda
         175000     3500.00000        0.00000

Writing checkpoint, step 175000 at Thu Jan 10 16:35:14 2013

   Energies (kJ/mol)
        LJ (SR)   Coulomb (SR)      Potential    Kinetic En.   Total Energy
   -2.98294e+05    0.00000e+00   -2.98294e+05    6.21910e+03   -2.92074e+05
    Temperature Pressure (bar)  Cons. rmsd ()
    2.99372e+02   -7.24161e+00    3.32506e-07

           Step           Time         Lambda
         180000     3600.00000        0.00000

   Energies (kJ/mol)
        LJ (SR)   Coulomb (SR)      Potential    Kinetic En.   Total Energy
   -2.98086e+05    0.00000e+00   -2.98086e+05    6.15104e+03   -2.91935e+05
    Temperature Pressure (bar)  Cons. rmsd ()
    2.96096e+02   -8.91738e-01    3.54495e-07

           Step           Time         Lambda
         185000     3700.00000        0.00000

   Energies (kJ/mol)
        LJ (SR)   Coulomb (SR)      Potential    Kinetic En.   Total Energy
   -2.98403e+05    0.00000e+00   -2.98403e+05    6.26289e+03   -2.92140e+05
    Temperature Pressure (bar)  Cons. rmsd ()
    3.01480e+02   -9.84507e+00    3.50590e-07

           Step           Time         Lambda
         190000     3800.00000        0.00000

   Energies (kJ/mol)
        LJ (SR)   Coulomb (SR)      Potential    Kinetic En.   Total Energy
   -2.98211e+05    0.00000e+00   -2.98211e+05    6.21933e+03   -2.91992e+05
    Temperature Pressure (bar)  Cons. rmsd ()
    2.99383e+02   -7.75413e+00    3.50980e-07

           Step           Time         Lambda
         195000     3900.00000        0.00000

   Energies (kJ/mol)
        LJ (SR)   Coulomb (SR)      Potential    Kinetic En.   Total Energy
   -2.98358e+05    0.00000e+00   -2.98358e+05    6.15256e+03   -2.92206e+05
    Temperature Pressure (bar)  Cons. rmsd ()
    2.96169e+02   -8.52072e+00    3.37954e-07

           Step           Time         Lambda
         200000     4000.00000        0.00000

   Energies (kJ/mol)
        LJ (SR)   Coulomb (SR)      Potential    Kinetic En.   Total Energy
   -2.98516e+05    0.00000e+00   -2.98516e+05    6.21320e+03   -2.92303e+05
    Temperature Pressure (bar)  Cons. rmsd ()
    2.99088e+02   -2.10524e+01    3.52091e-07

           Step           Time         Lambda
         205000     4100.00000        0.00000

   Energies (kJ/mol)
        LJ (SR)   Coulomb (SR)      Potential    Kinetic En.   Total Energy
   -2.98262e+05    0.00000e+00   -2.98262e+05    6.42944e+03   -2.91833e+05
    Temperature Pressure (bar)  Cons. rmsd ()
    3.09498e+02    1.03187e+01    3.41114e-07

           Step           Time         Lambda
         210000     4200.00000        0.00000

   Energies (kJ/mol)
        LJ (SR)   Coulomb (SR)      Potential    Kinetic En.   Total Energy
   -2.98584e+05    0.00000e+00   -2.98584e+05    6.56439e+03   -2.92020e+05
    Temperature Pressure (bar)  Cons. rmsd ()
    3.15994e+02   -4.91980e+01    3.54003e-07

           Step           Time         Lambda
         215000     4300.00000        0.00000

   Energies (kJ/mol)
        LJ (SR)   Coulomb (SR)      Potential    Kinetic En.   Total Energy
   -2.98531e+05    0.00000e+00   -2.98531e+05    6.26771e+03   -2.92263e+05
    Temperature Pressure (bar)  Cons. rmsd ()
    3.01712e+02   -8.59239e+00    3.46651e-07

           Step           Time         Lambda
         220000     4400.00000        0.00000

   Energies (kJ/mol)
        LJ (SR)   Coulomb (SR)      Potential    Kinetic En.   Total Energy
   -2.98118e+05    0.00000e+00   -2.98118e+05    6.15932e+03   -2.91958e+05
    Temperature Pressure (bar)  Cons. rmsd ()
    2.96495e+02    3.77840e+01    3.40811e-07

           Step           Time         Lambda
         225000     4500.00000        0.00000

   Energies (kJ/mol)
        LJ (SR)   Coulomb (SR)      Potential    Kinetic En.   Total Energy
   -2.98423e+05    0.00000e+00   -2.98423e+05    6.30596e+03   -2.92117e+05
    Temperature Pressure (bar)  Cons. rmsd ()
    3.03553e+02   -6.46411e+00    3.57166e-07

           Step           Time         Lambda
         230000     4600.00000        0.00000

   Energies (kJ/mol)
        LJ (SR)   Coulomb (SR)      Potential    Kinetic En.   Total Energy
   -2.98372e+05    0.00000e+00   -2.98372e+05    6.39464e+03   -2.91977e+05
    Temperature Pressure (bar)  Cons. rmsd ()
    3.07822e+02    8.52049e-01    3.44606e-07

           Step           Time         Lambda
         235000     4700.00000        0.00000

   Energies (kJ/mol)
        LJ (SR)   Coulomb (SR)      Potential    Kinetic En.   Total Energy
   -2.98261e+05    0.00000e+00   -2.98261e+05    6.40057e+03   -2.91860e+05
    Temperature Pressure (bar)  Cons. rmsd ()
    3.08108e+02   -1.86474e+00    3.32586e-07

           Step           Time         Lambda
         240000     4800.00000        0.00000

   Energies (kJ/mol)
        LJ (SR)   Coulomb (SR)      Potential    Kinetic En.   Total Energy
   -2.98316e+05    0.00000e+00   -2.98316e+05    6.27249e+03   -2.92044e+05
    Temperature Pressure (bar)  Cons. rmsd ()
    3.01942e+02   -4.64980e+00    3.40916e-07

           Step           Time         Lambda
         245000     4900.00000        0.00000

   Energies (kJ/mol)
        LJ (SR)   Coulomb (SR)      Potential    Kinetic En.   Total Energy
   -2.98512e+05    0.00000e+00   -2.98512e+05    5.94157e+03   -2.92571e+05
    Temperature Pressure (bar)  Cons. rmsd ()
    2.86013e+02   -1.44297e+01    3.28226e-07

           Step           Time         Lambda
         250000     5000.00000        0.00000

   Energies (kJ/mol)
        LJ (SR)   Coulomb (SR)      Potential    Kinetic En.   Total Energy
   -2.98306e+05    0.00000e+00   -2.98306e+05    6.24299e+03   -2.92063e+05
    Temperature Pressure (bar)  Cons. rmsd ()
    3.00522e+02    6.86749e+00    3.43759e-07

           Step           Time         Lambda
         255000     5100.00000        0.00000

   Energies (kJ/mol)
        LJ (SR)   Coulomb (SR)      Potential    Kinetic En.   Total Energy
   -2.98534e+05    0.00000e+00   -2.98534e+05    6.17249e+03   -2.92361e+05
    Temperature Pressure (bar)  Cons. rmsd ()
    2.97129e+02   -1.94341e+01    3.43144e-07

           Step           Time         Lambda
         260000     5200.00000        0.00000

Writing checkpoint, step 260000 at Thu Jan 10 16:50:21 2013

   Energies (kJ/mol)
        LJ (SR)   Coulomb (SR)      Potential    Kinetic En.   Total Energy
   -2.98349e+05    0.00000e+00   -2.98349e+05    6.29547e+03   -2.92053e+05
    Temperature Pressure (bar)  Cons. rmsd ()
    3.03048e+02    3.81792e+00    3.52948e-07

           Step           Time         Lambda
         265000     5300.00000        0.00000

   Energies (kJ/mol)
        LJ (SR)   Coulomb (SR)      Potential    Kinetic En.   Total Energy
   -2.98424e+05    0.00000e+00   -2.98424e+05    6.19431e+03   -2.92230e+05
    Temperature Pressure (bar)  Cons. rmsd ()
    2.98179e+02   -1.03142e+00    3.49702e-07

           Step           Time         Lambda
         270000     5400.00000        0.00000

   Energies (kJ/mol)
        LJ (SR)   Coulomb (SR)      Potential    Kinetic En.   Total Energy
   -2.98247e+05    0.00000e+00   -2.98247e+05    6.11617e+03   -2.92131e+05
    Temperature Pressure (bar)  Cons. rmsd ()
    2.94417e+02    2.07340e+01    3.35373e-07

           Step           Time         Lambda
         275000     5500.00000        0.00000

   Energies (kJ/mol)
        LJ (SR)   Coulomb (SR)      Potential    Kinetic En.   Total Energy
   -2.98357e+05    0.00000e+00   -2.98357e+05    6.25154e+03   -2.92105e+05
    Temperature Pressure (bar)  Cons. rmsd ()
    3.00934e+02    2.99847e+01    3.31859e-07

           Step           Time         Lambda
         280000     5600.00000        0.00000

   Energies (kJ/mol)
        LJ (SR)   Coulomb (SR)      Potential    Kinetic En.   Total Energy
   -2.98308e+05    0.00000e+00   -2.98308e+05    6.36400e+03   -2.91944e+05
    Temperature Pressure (bar)  Cons. rmsd ()
    3.06347e+02    1.89852e+01    3.27966e-07

           Step           Time         Lambda
         285000     5700.00000        0.00000

   Energies (kJ/mol)
        LJ (SR)   Coulomb (SR)      Potential    Kinetic En.   Total Energy
   -2.98348e+05    0.00000e+00   -2.98348e+05    6.24446e+03   -2.92103e+05
    Temperature Pressure (bar)  Cons. rmsd ()
    3.00593e+02    1.49012e+01    3.44074e-07

           Step           Time         Lambda
         290000     5800.00000        0.00000

   Energies (kJ/mol)
        LJ (SR)   Coulomb (SR)      Potential    Kinetic En.   Total Energy
   -2.98515e+05    0.00000e+00   -2.98515e+05    6.20436e+03   -2.92310e+05
    Temperature Pressure (bar)  Cons. rmsd ()
    2.98663e+02    1.38128e+01    3.46887e-07

           Step           Time         Lambda
         295000     5900.00000        0.00000

   Energies (kJ/mol)
        LJ (SR)   Coulomb (SR)      Potential    Kinetic En.   Total Energy
   -2.98288e+05    0.00000e+00   -2.98288e+05    6.46655e+03   -2.91821e+05
    Temperature Pressure (bar)  Cons. rmsd ()
    3.11284e+02    2.50915e+01    3.48914e-07

           Step           Time         Lambda
         300000     6000.00000        0.00000

   Energies (kJ/mol)
        LJ (SR)   Coulomb (SR)      Potential    Kinetic En.   Total Energy
   -2.98390e+05    0.00000e+00   -2.98390e+05    6.30070e+03   -2.92089e+05
    Temperature Pressure (bar)  Cons. rmsd ()
    3.03300e+02    9.06867e+00    3.48481e-07

           Step           Time         Lambda
         305000     6100.00000        0.00000

   Energies (kJ/mol)
        LJ (SR)   Coulomb (SR)      Potential    Kinetic En.   Total Energy
   -2.98460e+05    0.00000e+00   -2.98460e+05    6.10254e+03   -2.92357e+05
    Temperature Pressure (bar)  Cons. rmsd ()
    2.93761e+02    5.98031e+00    3.39600e-07

           Step           Time         Lambda
         310000     6200.00000        0.00000

   Energies (kJ/mol)
        LJ (SR)   Coulomb (SR)      Potential    Kinetic En.   Total Energy
   -2.98422e+05    0.00000e+00   -2.98422e+05    6.19375e+03   -2.92228e+05
    Temperature Pressure (bar)  Cons. rmsd ()
    2.98152e+02    1.90907e+01    3.43361e-07

           Step           Time         Lambda
         315000     6300.00000        0.00000

   Energies (kJ/mol)
        LJ (SR)   Coulomb (SR)      Potential    Kinetic En.   Total Energy
   -2.98324e+05    0.00000e+00   -2.98324e+05    6.41705e+03   -2.91907e+05
    Temperature Pressure (bar)  Cons. rmsd ()
    3.08901e+02    1.50660e+01    3.48522e-07

           Step           Time         Lambda
         320000     6400.00000        0.00000

   Energies (kJ/mol)
        LJ (SR)   Coulomb (SR)      Potential    Kinetic En.   Total Energy
   -2.98475e+05    0.00000e+00   -2.98475e+05    6.28412e+03   -2.92191e+05
    Temperature Pressure (bar)  Cons. rmsd ()
    3.02502e+02    1.14319e+01    3.44719e-07

           Step           Time         Lambda
         325000     6500.00000        0.00000

   Energies (kJ/mol)
        LJ (SR)   Coulomb (SR)      Potential    Kinetic En.   Total Energy
   -2.98503e+05    0.00000e+00   -2.98503e+05    6.24685e+03   -2.92256e+05
    Temperature Pressure (bar)  Cons. rmsd ()
    3.00708e+02   -3.97618e+00    3.35908e-07

           Step           Time         Lambda
         330000     6600.00000        0.00000

   Energies (kJ/mol)
        LJ (SR)   Coulomb (SR)      Potential    Kinetic En.   Total Energy
   -2.98481e+05    0.00000e+00   -2.98481e+05    6.28250e+03   -2.92198e+05
    Temperature Pressure (bar)  Cons. rmsd ()
    3.02424e+02   -1.17188e+01    3.30835e-07

           Step           Time         Lambda
         335000     6700.00000        0.00000

   Energies (kJ/mol)
        LJ (SR)   Coulomb (SR)      Potential    Kinetic En.   Total Energy
   -2.98576e+05    0.00000e+00   -2.98576e+05    6.14388e+03   -2.92432e+05
    Temperature Pressure (bar)  Cons. rmsd ()
    2.95751e+02   -2.05032e+01    3.29846e-07

           Step           Time         Lambda
         340000     6800.00000        0.00000

Writing checkpoint, step 340000 at Thu Jan 10 17:05:14 2013

   Energies (kJ/mol)
        LJ (SR)   Coulomb (SR)      Potential    Kinetic En.   Total Energy
   -2.98432e+05    0.00000e+00   -2.98432e+05    6.31235e+03   -2.92119e+05
    Temperature Pressure (bar)  Cons. rmsd ()
    3.03861e+02    1.11293e+01    3.47751e-07

           Step           Time         Lambda
         345000     6900.00000        0.00000

   Energies (kJ/mol)
        LJ (SR)   Coulomb (SR)      Potential    Kinetic En.   Total Energy
   -2.98412e+05    0.00000e+00   -2.98412e+05    6.02483e+03   -2.92387e+05
    Temperature Pressure (bar)  Cons. rmsd ()
    2.90020e+02    1.98584e+01    3.18665e-07

           Step           Time         Lambda
         350000     7000.00000        0.00000

   Energies (kJ/mol)
        LJ (SR)   Coulomb (SR)      Potential    Kinetic En.   Total Energy
   -2.98320e+05    0.00000e+00   -2.98320e+05    6.24754e+03   -2.92072e+05
    Temperature Pressure (bar)  Cons. rmsd ()
    3.00741e+02    2.05971e+01    3.29851e-07

           Step           Time         Lambda
         355000     7100.00000        0.00000

   Energies (kJ/mol)
        LJ (SR)   Coulomb (SR)      Potential    Kinetic En.   Total Energy
   -2.98494e+05    0.00000e+00   -2.98494e+05    6.22938e+03   -2.92265e+05
    Temperature Pressure (bar)  Cons. rmsd ()
    2.99867e+02   -1.83621e+01    3.52560e-07

           Step           Time         Lambda
         360000     7200.00000        0.00000

   Energies (kJ/mol)
        LJ (SR)   Coulomb (SR)      Potential    Kinetic En.   Total Energy
   -2.98294e+05    0.00000e+00   -2.98294e+05    6.06627e+03   -2.92228e+05
    Temperature Pressure (bar)  Cons. rmsd ()
    2.92015e+02    3.40190e+01    3.52832e-07

           Step           Time         Lambda
         365000     7300.00000        0.00000

   Energies (kJ/mol)
        LJ (SR)   Coulomb (SR)      Potential    Kinetic En.   Total Energy
   -2.98675e+05    0.00000e+00   -2.98675e+05    6.52167e+03   -2.92153e+05
    Temperature Pressure (bar)  Cons. rmsd ()
    3.13937e+02   -1.20488e+01    3.41993e-07

           Step           Time         Lambda
         370000     7400.00000        0.00000

   Energies (kJ/mol)
        LJ (SR)   Coulomb (SR)      Potential    Kinetic En.   Total Energy
   -2.98735e+05    0.00000e+00   -2.98735e+05    6.32406e+03   -2.92411e+05
    Temperature Pressure (bar)  Cons. rmsd ()
    3.04425e+02   -2.98654e+01    3.48353e-07

           Step           Time         Lambda
         375000     7500.00000        0.00000

   Energies (kJ/mol)
        LJ (SR)   Coulomb (SR)      Potential    Kinetic En.   Total Energy
   -2.98553e+05    0.00000e+00   -2.98553e+05    6.15051e+03   -2.92403e+05
    Temperature Pressure (bar)  Cons. rmsd ()
    2.96070e+02    1.57841e+01    3.41436e-07

           Step           Time         Lambda
         380000     7600.00000        0.00000

   Energies (kJ/mol)
        LJ (SR)   Coulomb (SR)      Potential    Kinetic En.   Total Energy
   -2.98592e+05    0.00000e+00   -2.98592e+05    6.30495e+03   -2.92287e+05
    Temperature Pressure (bar)  Cons. rmsd ()
    3.03505e+02   -1.21084e+00    3.27701e-07

           Step           Time         Lambda
         385000     7700.00000        0.00000

   Energies (kJ/mol)
        LJ (SR)   Coulomb (SR)      Potential    Kinetic En.   Total Energy
   -2.98689e+05    0.00000e+00   -2.98689e+05    6.30015e+03   -2.92389e+05
    Temperature Pressure (bar)  Cons. rmsd ()
    3.03274e+02   -1.65043e+01    3.54976e-07

           Step           Time         Lambda
         390000     7800.00000        0.00000

   Energies (kJ/mol)
        LJ (SR)   Coulomb (SR)      Potential    Kinetic En.   Total Energy
   -2.98465e+05    0.00000e+00   -2.98465e+05    6.17705e+03   -2.92288e+05
    Temperature Pressure (bar)  Cons. rmsd ()
    2.97348e+02    2.25972e+01    3.40034e-07

           Step           Time         Lambda
         395000     7900.00000        0.00000

   Energies (kJ/mol)
        LJ (SR)   Coulomb (SR)      Potential    Kinetic En.   Total Energy
   -2.98454e+05    0.00000e+00   -2.98454e+05    6.31876e+03   -2.92135e+05
    Temperature Pressure (bar)  Cons. rmsd ()
    3.04170e+02    1.36139e+01    3.35575e-07

           Step           Time         Lambda
         400000     8000.00000        0.00000

   Energies (kJ/mol)
        LJ (SR)   Coulomb (SR)      Potential    Kinetic En.   Total Energy
   -2.98411e+05    0.00000e+00   -2.98411e+05    6.23702e+03   -2.92174e+05
    Temperature Pressure (bar)  Cons. rmsd ()
    3.00235e+02    2.40973e+01    3.35246e-07

           Step           Time         Lambda
         405000     8100.00000        0.00000

   Energies (kJ/mol)
        LJ (SR)   Coulomb (SR)      Potential    Kinetic En.   Total Energy
   -2.98542e+05    0.00000e+00   -2.98542e+05    6.21763e+03   -2.92324e+05
    Temperature Pressure (bar)  Cons. rmsd ()
    2.99302e+02    1.65377e+01    3.46728e-07

           Step           Time         Lambda
         410000     8200.00000        0.00000

   Energies (kJ/mol)
        LJ (SR)   Coulomb (SR)      Potential    Kinetic En.   Total Energy
   -2.98215e+05    0.00000e+00   -2.98215e+05    6.34660e+03   -2.91868e+05
    Temperature Pressure (bar)  Cons. rmsd ()
    3.05510e+02    3.72439e+01    3.40884e-07

           Step           Time         Lambda
         415000     8300.00000        0.00000

Writing checkpoint, step 415000 at Thu Jan 10 17:21:03 2013

   Energies (kJ/mol)
        LJ (SR)   Coulomb (SR)      Potential    Kinetic En.   Total Energy
   -2.98375e+05    0.00000e+00   -2.98375e+05    6.48580e+03   -2.91889e+05
    Temperature Pressure (bar)  Cons. rmsd ()
    3.12211e+02   -2.56566e+00    3.30701e-07

           Step           Time         Lambda
         420000     8400.00000        0.00000

   Energies (kJ/mol)
        LJ (SR)   Coulomb (SR)      Potential    Kinetic En.   Total Energy
   -2.98771e+05    0.00000e+00   -2.98771e+05    6.19809e+03   -2.92573e+05
    Temperature Pressure (bar)  Cons. rmsd ()
    2.98361e+02   -3.44119e+01    3.41431e-07

           Step           Time         Lambda
         425000     8500.00000        0.00000

   Energies (kJ/mol)
        LJ (SR)   Coulomb (SR)      Potential    Kinetic En.   Total Energy
   -2.98540e+05    0.00000e+00   -2.98540e+05    6.17896e+03   -2.92361e+05
    Temperature Pressure (bar)  Cons. rmsd ()
    2.97440e+02    1.66659e+01    3.35596e-07

           Step           Time         Lambda
         430000     8600.00000        0.00000

   Energies (kJ/mol)
        LJ (SR)   Coulomb (SR)      Potential    Kinetic En.   Total Energy
   -2.98625e+05    0.00000e+00   -2.98625e+05    6.25419e+03   -2.92370e+05
    Temperature Pressure (bar)  Cons. rmsd ()
    3.01061e+02    1.16502e+00    3.28572e-07

           Step           Time         Lambda
         435000     8700.00000        0.00000

   Energies (kJ/mol)
        LJ (SR)   Coulomb (SR)      Potential    Kinetic En.   Total Energy
   -2.98402e+05    0.00000e+00   -2.98402e+05    6.09495e+03   -2.92307e+05
    Temperature Pressure (bar)  Cons. rmsd ()
    2.93396e+02    3.88313e+00    3.30674e-07

           Step           Time         Lambda
         440000     8800.00000        0.00000

   Energies (kJ/mol)
        LJ (SR)   Coulomb (SR)      Potential    Kinetic En.   Total Energy
   -2.98425e+05    0.00000e+00   -2.98425e+05    6.27951e+03   -2.92146e+05
    Temperature Pressure (bar)  Cons. rmsd ()
    3.02280e+02    1.31100e+00    3.30653e-07

           Step           Time         Lambda
         445000     8900.00000        0.00000

   Energies (kJ/mol)
        LJ (SR)   Coulomb (SR)      Potential    Kinetic En.   Total Energy
   -2.98626e+05    0.00000e+00   -2.98626e+05    6.21011e+03   -2.92416e+05
    Temperature Pressure (bar)  Cons. rmsd ()
    2.98939e+02    3.69283e+00    3.40347e-07

           Step           Time         Lambda
         450000     9000.00000        0.00000

   Energies (kJ/mol)
        LJ (SR)   Coulomb (SR)      Potential    Kinetic En.   Total Energy
   -2.98625e+05    0.00000e+00   -2.98625e+05    6.24787e+03   -2.92377e+05
    Temperature Pressure (bar)  Cons. rmsd ()
    3.00757e+02   -8.93143e+00    3.32415e-07

           Step           Time         Lambda
         455000     9100.00000        0.00000

   Energies (kJ/mol)
        LJ (SR)   Coulomb (SR)      Potential    Kinetic En.   Total Energy
   -2.98264e+05    0.00000e+00   -2.98264e+05    6.26161e+03   -2.92002e+05
    Temperature Pressure (bar)  Cons. rmsd ()
    3.01418e+02    2.59714e+01    3.36880e-07

           Step           Time         Lambda
         460000     9200.00000        0.00000

   Energies (kJ/mol)
        LJ (SR)   Coulomb (SR)      Potential    Kinetic En.   Total Energy
   -2.98587e+05    0.00000e+00   -2.98587e+05    6.13587e+03   -2.92451e+05
    Temperature Pressure (bar)  Cons. rmsd ()
    2.95366e+02   -3.18338e+00    3.52263e-07

           Step           Time         Lambda
         465000     9300.00000        0.00000

Writing checkpoint, step 465000 at Thu Jan 10 17:36:01 2013

   Energies (kJ/mol)
        LJ (SR)   Coulomb (SR)      Potential    Kinetic En.   Total Energy
   -2.98509e+05    0.00000e+00   -2.98509e+05    6.42914e+03   -2.92080e+05
    Temperature Pressure (bar)  Cons. rmsd ()
    3.09483e+02   -9.24645e+00    3.38122e-07

           Step           Time         Lambda
         470000     9400.00000        0.00000

   Energies (kJ/mol)
        LJ (SR)   Coulomb (SR)      Potential    Kinetic En.   Total Energy
   -2.98382e+05    0.00000e+00   -2.98382e+05    6.26224e+03   -2.92120e+05
    Temperature Pressure (bar)  Cons. rmsd ()
    3.01449e+02    2.31236e+01    3.50848e-07

           Step           Time         Lambda
         475000     9500.00000        0.00000

   Energies (kJ/mol)
        LJ (SR)   Coulomb (SR)      Potential    Kinetic En.   Total Energy
   -2.98444e+05    0.00000e+00   -2.98444e+05    6.33305e+03   -2.92111e+05
    Temperature Pressure (bar)  Cons. rmsd ()
    3.04858e+02    1.98278e+01    3.31731e-07

           Step           Time         Lambda
         480000     9600.00000        0.00000

   Energies (kJ/mol)
        LJ (SR)   Coulomb (SR)      Potential    Kinetic En.   Total Energy
   -2.98410e+05    0.00000e+00   -2.98410e+05    6.30453e+03   -2.92106e+05
    Temperature Pressure (bar)  Cons. rmsd ()
    3.03484e+02    2.92242e+01    3.37212e-07

           Step           Time         Lambda
         485000     9700.00000        0.00000

   Energies (kJ/mol)
        LJ (SR)   Coulomb (SR)      Potential    Kinetic En.   Total Energy
   -2.98824e+05    0.00000e+00   -2.98824e+05    6.26396e+03   -2.92560e+05
    Temperature Pressure (bar)  Cons. rmsd ()
    3.01532e+02   -2.59495e+01    3.29026e-07

           Step           Time         Lambda
         490000     9800.00000        0.00000

   Energies (kJ/mol)
        LJ (SR)   Coulomb (SR)      Potential    Kinetic En.   Total Energy
   -2.98522e+05    0.00000e+00   -2.98522e+05    6.52320e+03   -2.91999e+05
    Temperature Pressure (bar)  Cons. rmsd ()
    3.14011e+02    8.76471e+00    3.47429e-07

           Step           Time         Lambda
         495000     9900.00000        0.00000

   Energies (kJ/mol)
        LJ (SR)   Coulomb (SR)      Potential    Kinetic En.   Total Energy
   -2.98585e+05    0.00000e+00   -2.98585e+05    6.21889e+03   -2.92366e+05
    Temperature Pressure (bar)  Cons. rmsd ()
    2.99362e+02   -8.15047e+00    3.46472e-07

           Step           Time         Lambda
         500000    10000.00000        0.00000

   Energies (kJ/mol)
        LJ (SR)   Coulomb (SR)      Potential    Kinetic En.   Total Energy
   -2.98540e+05    0.00000e+00   -2.98540e+05    6.25994e+03   -2.92280e+05
    Temperature Pressure (bar)  Cons. rmsd ()
    3.01338e+02    5.17616e-01    3.33083e-07

           Step           Time         Lambda
         505000    10100.00000        0.00000

   Energies (kJ/mol)
        LJ (SR)   Coulomb (SR)      Potential    Kinetic En.   Total Energy
   -2.98561e+05    0.00000e+00   -2.98561e+05    6.33321e+03   -2.92227e+05
    Temperature Pressure (bar)  Cons. rmsd ()
    3.04865e+02   -2.19917e+01    3.41514e-07

           Step           Time         Lambda
         510000    10200.00000        0.00000

Writing checkpoint, step 510000 at Thu Jan 10 17:51:19 2013

   Energies (kJ/mol)
        LJ (SR)   Coulomb (SR)      Potential    Kinetic En.   Total Energy
   -2.98447e+05    0.00000e+00   -2.98447e+05    6.09022e+03   -2.92357e+05
    Temperature Pressure (bar)  Cons. rmsd ()
    2.93168e+02    1.43535e+01    3.42776e-07

           Step           Time         Lambda
         515000    10300.00000        0.00000

   Energies (kJ/mol)
        LJ (SR)   Coulomb (SR)      Potential    Kinetic En.   Total Energy
   -2.98678e+05    0.00000e+00   -2.98678e+05    5.90452e+03   -2.92773e+05
    Temperature Pressure (bar)  Cons. rmsd ()
    2.84229e+02    2.01289e+00    3.42237e-07

           Step           Time         Lambda
         520000    10400.00000        0.00000

   Energies (kJ/mol)
        LJ (SR)   Coulomb (SR)      Potential    Kinetic En.   Total Energy
   -2.98726e+05    0.00000e+00   -2.98726e+05    6.08070e+03   -2.92646e+05
    Temperature Pressure (bar)  Cons. rmsd ()
    2.92710e+02   -1.55496e+01    3.36811e-07

           Step           Time         Lambda
         525000    10500.00000        0.00000

   Energies (kJ/mol)
        LJ (SR)   Coulomb (SR)      Potential    Kinetic En.   Total Energy
   -2.98792e+05    0.00000e+00   -2.98792e+05    6.23094e+03   -2.92561e+05
    Temperature Pressure (bar)  Cons. rmsd ()
    2.99942e+02   -1.53611e+01    3.37996e-07

           Step           Time         Lambda
         530000    10600.00000        0.00000

   Energies (kJ/mol)
        LJ (SR)   Coulomb (SR)      Potential    Kinetic En.   Total Energy
   -2.98471e+05    0.00000e+00   -2.98471e+05    6.11041e+03   -2.92361e+05
    Temperature Pressure (bar)  Cons. rmsd ()
    2.94140e+02   -5.89492e+00    3.39647e-07

           Step           Time         Lambda
         535000    10700.00000        0.00000

   Energies (kJ/mol)
        LJ (SR)   Coulomb (SR)      Potential    Kinetic En.   Total Energy
   -2.98544e+05    0.00000e+00   -2.98544e+05    6.16122e+03   -2.92383e+05
    Temperature Pressure (bar)  Cons. rmsd ()
    2.96586e+02    2.14998e+01    3.35681e-07

           Step           Time         Lambda
         540000    10800.00000        0.00000

   Energies (kJ/mol)
        LJ (SR)   Coulomb (SR)      Potential    Kinetic En.   Total Energy
   -2.98593e+05    0.00000e+00   -2.98593e+05    6.38049e+03   -2.92212e+05
    Temperature Pressure (bar)  Cons. rmsd ()
    3.07141e+02    4.99240e+00    3.37507e-07

           Step           Time         Lambda
         545000    10900.00000        0.00000

   Energies (kJ/mol)
        LJ (SR)   Coulomb (SR)      Potential    Kinetic En.   Total Energy
   -2.98618e+05    0.00000e+00   -2.98618e+05    6.13562e+03   -2.92482e+05
    Temperature Pressure (bar)  Cons. rmsd ()
    2.95353e+02   -3.53218e+01    3.39155e-07

           Step           Time         Lambda
         550000    11000.00000        0.00000

   Energies (kJ/mol)
        LJ (SR)   Coulomb (SR)      Potential    Kinetic En.   Total Energy
   -2.98416e+05    0.00000e+00   -2.98416e+05    6.12404e+03   -2.92292e+05
    Temperature Pressure (bar)  Cons. rmsd ()
    2.94796e+02    1.05544e+01    3.49865e-07

           Step           Time         Lambda
         555000    11100.00000        0.00000

Writing checkpoint, step 555000 at Thu Jan 10 18:06:44 2013

   Energies (kJ/mol)
        LJ (SR)   Coulomb (SR)      Potential    Kinetic En.   Total Energy
   -2.98512e+05    0.00000e+00   -2.98512e+05    6.14995e+03   -2.92362e+05
    Temperature Pressure (bar)  Cons. rmsd ()
    2.96044e+02    2.15257e+00    3.37706e-07

           Step           Time         Lambda
         560000    11200.00000        0.00000

   Energies (kJ/mol)
        LJ (SR)   Coulomb (SR)      Potential    Kinetic En.   Total Energy
   -2.98434e+05    0.00000e+00   -2.98434e+05    6.29500e+03   -2.92139e+05
    Temperature Pressure (bar)  Cons. rmsd ()
    3.03026e+02    1.79591e+01    3.42584e-07

           Step           Time         Lambda
         565000    11300.00000        0.00000

   Energies (kJ/mol)
        LJ (SR)   Coulomb (SR)      Potential    Kinetic En.   Total Energy
   -2.98586e+05    0.00000e+00   -2.98586e+05    6.24420e+03   -2.92341e+05
    Temperature Pressure (bar)  Cons. rmsd ()
    3.00580e+02   -3.19865e+00    3.27522e-07

           Step           Time         Lambda
         570000    11400.00000        0.00000

   Energies (kJ/mol)
        LJ (SR)   Coulomb (SR)      Potential    Kinetic En.   Total Energy
   -2.98409e+05    0.00000e+00   -2.98409e+05    6.36910e+03   -2.92040e+05
    Temperature Pressure (bar)  Cons. rmsd ()
    3.06593e+02    3.25760e+00    3.47061e-07

           Step           Time         Lambda
         575000    11500.00000        0.00000

   Energies (kJ/mol)
        LJ (SR)   Coulomb (SR)      Potential    Kinetic En.   Total Energy
   -2.98491e+05    0.00000e+00   -2.98491e+05    6.17880e+03   -2.92312e+05
    Temperature Pressure (bar)  Cons. rmsd ()
    2.97432e+02   -4.74768e+00    3.21440e-07

           Step           Time         Lambda
         580000    11600.00000        0.00000

   Energies (kJ/mol)
        LJ (SR)   Coulomb (SR)      Potential    Kinetic En.   Total Energy
   -2.98696e+05    0.00000e+00   -2.98696e+05    6.15685e+03   -2.92540e+05
    Temperature Pressure (bar)  Cons. rmsd ()
    2.96376e+02   -2.83042e+01    3.41577e-07

           Step           Time         Lambda
         585000    11700.00000        0.00000

   Energies (kJ/mol)
        LJ (SR)   Coulomb (SR)      Potential    Kinetic En.   Total Energy
   -2.98524e+05    0.00000e+00   -2.98524e+05    6.28315e+03   -2.92240e+05
    Temperature Pressure (bar)  Cons. rmsd ()
    3.02456e+02    2.25355e-01    3.25493e-07

           Step           Time         Lambda
         590000    11800.00000        0.00000

   Energies (kJ/mol)
        LJ (SR)   Coulomb (SR)      Potential    Kinetic En.   Total Energy
   -2.98526e+05    0.00000e+00   -2.98526e+05    6.00989e+03   -2.92516e+05
    Temperature Pressure (bar)  Cons. rmsd ()
    2.89302e+02   -6.72823e+00    3.34806e-07

           Step           Time         Lambda
         595000    11900.00000        0.00000

   Energies (kJ/mol)
        LJ (SR)   Coulomb (SR)      Potential    Kinetic En.   Total Energy
   -2.98579e+05    0.00000e+00   -2.98579e+05    6.09186e+03   -2.92487e+05
    Temperature Pressure (bar)  Cons. rmsd ()
    2.93247e+02    4.15303e+00    3.33056e-07

           Step           Time         Lambda
         600000    12000.00000        0.00000

Writing checkpoint, step 600000 at Thu Jan 10 18:21:50 2013

   Energies (kJ/mol)
        LJ (SR)   Coulomb (SR)      Potential    Kinetic En.   Total Energy
   -2.98656e+05    0.00000e+00   -2.98656e+05    6.33515e+03   -2.92320e+05
    Temperature Pressure (bar)  Cons. rmsd ()
    3.04959e+02   -6.18485e+00    3.36331e-07

           Step           Time         Lambda
         605000    12100.00000        0.00000

   Energies (kJ/mol)
        LJ (SR)   Coulomb (SR)      Potential    Kinetic En.   Total Energy
   -2.98692e+05    0.00000e+00   -2.98692e+05    6.12783e+03   -2.92564e+05
    Temperature Pressure (bar)  Cons. rmsd ()
    2.94979e+02   -1.28624e+01    3.34297e-07

           Step           Time         Lambda
         610000    12200.00000        0.00000

   Energies (kJ/mol)
        LJ (SR)   Coulomb (SR)      Potential    Kinetic En.   Total Energy
   -2.98609e+05    0.00000e+00   -2.98609e+05    6.23433e+03   -2.92375e+05
    Temperature Pressure (bar)  Cons. rmsd ()
    3.00105e+02   -3.04392e-01    3.47945e-07

           Step           Time         Lambda
         615000    12300.00000        0.00000

   Energies (kJ/mol)
        LJ (SR)   Coulomb (SR)      Potential    Kinetic En.   Total Energy
   -2.98445e+05    0.00000e+00   -2.98445e+05    6.21951e+03   -2.92226e+05
    Temperature Pressure (bar)  Cons. rmsd ()
    2.99392e+02    1.69346e+01    3.28188e-07

           Step           Time         Lambda
         620000    12400.00000        0.00000

   Energies (kJ/mol)
        LJ (SR)   Coulomb (SR)      Potential    Kinetic En.   Total Energy
   -2.98513e+05    0.00000e+00   -2.98513e+05    6.08701e+03   -2.92426e+05
    Temperature Pressure (bar)  Cons. rmsd ()
    2.93014e+02   -8.49541e+00    3.50630e-07

           Step           Time         Lambda
         625000    12500.00000        0.00000

   Energies (kJ/mol)
        LJ (SR)   Coulomb (SR)      Potential    Kinetic En.   Total Energy
   -2.98663e+05    0.00000e+00   -2.98663e+05    6.33752e+03   -2.92326e+05
    Temperature Pressure (bar)  Cons. rmsd ()
    3.05073e+02   -8.55580e+00    3.48165e-07

           Step           Time         Lambda
         630000    12600.00000        0.00000

   Energies (kJ/mol)
        LJ (SR)   Coulomb (SR)      Potential    Kinetic En.   Total Energy
   -2.98508e+05    0.00000e+00   -2.98508e+05    6.35583e+03   -2.92152e+05
    Temperature Pressure (bar)  Cons. rmsd ()
    3.05954e+02    3.70661e+00    3.41738e-07

           Step           Time         Lambda
         635000    12700.00000        0.00000

   Energies (kJ/mol)
        LJ (SR)   Coulomb (SR)      Potential    Kinetic En.   Total Energy
   -2.98514e+05    0.00000e+00   -2.98514e+05    6.45310e+03   -2.92061e+05
    Temperature Pressure (bar)  Cons. rmsd ()
    3.10637e+02   -9.44567e+00    3.58595e-07

           Step           Time         Lambda
         640000    12800.00000        0.00000

   Energies (kJ/mol)
        LJ (SR)   Coulomb (SR)      Potential    Kinetic En.   Total Energy
   -2.98345e+05    0.00000e+00   -2.98345e+05    6.00088e+03   -2.92344e+05
    Temperature Pressure (bar)  Cons. rmsd ()
    2.88868e+02    1.19434e+01    3.44095e-07

           Step           Time         Lambda
         645000    12900.00000        0.00000

   Energies (kJ/mol)
        LJ (SR)   Coulomb (SR)      Potential    Kinetic En.   Total Energy
   -2.98650e+05    0.00000e+00   -2.98650e+05    5.98363e+03   -2.92666e+05
    Temperature Pressure (bar)  Cons. rmsd ()
    2.88037e+02   -2.21792e+01    3.52923e-07

           Step           Time         Lambda
         650000    13000.00000        0.00000

   Energies (kJ/mol)
        LJ (SR)   Coulomb (SR)      Potential    Kinetic En.   Total Energy
   -2.98646e+05    0.00000e+00   -2.98646e+05    6.48062e+03   -2.92166e+05
    Temperature Pressure (bar)  Cons. rmsd ()
    3.11961e+02   -1.32007e+01    3.32592e-07

           Step           Time         Lambda
         655000    13100.00000        0.00000

   Energies (kJ/mol)
        LJ (SR)   Coulomb (SR)      Potential    Kinetic En.   Total Energy
   -2.98467e+05    0.00000e+00   -2.98467e+05    6.19193e+03   -2.92275e+05
    Temperature Pressure (bar)  Cons. rmsd ()
    2.98064e+02    7.28686e+00    3.40321e-07

           Step           Time         Lambda
         660000    13200.00000        0.00000

Writing checkpoint, step 660000 at Thu Jan 10 18:35:14 2013

   Energies (kJ/mol)
        LJ (SR)   Coulomb (SR)      Potential    Kinetic En.   Total Energy
   -2.98332e+05    0.00000e+00   -2.98332e+05    6.35177e+03   -2.91980e+05
    Temperature Pressure (bar)  Cons. rmsd ()
    3.05759e+02    1.13858e+01    3.43490e-07

           Step           Time         Lambda
         665000    13300.00000        0.00000

   Energies (kJ/mol)
        LJ (SR)   Coulomb (SR)      Potential    Kinetic En.   Total Energy
   -2.98309e+05    0.00000e+00   -2.98309e+05    6.36240e+03   -2.91946e+05
    Temperature Pressure (bar)  Cons. rmsd ()
    3.06270e+02    1.22329e+01    3.40133e-07

           Step           Time         Lambda
         670000    13400.00000        0.00000

   Energies (kJ/mol)
        LJ (SR)   Coulomb (SR)      Potential    Kinetic En.   Total Energy
   -2.98276e+05    0.00000e+00   -2.98276e+05    6.26768e+03   -2.92008e+05
    Temperature Pressure (bar)  Cons. rmsd ()
    3.01711e+02    2.68095e+01    3.42724e-07

           Step           Time         Lambda
         675000    13500.00000        0.00000

   Energies (kJ/mol)
        LJ (SR)   Coulomb (SR)      Potential    Kinetic En.   Total Energy
   -2.98364e+05    0.00000e+00   -2.98364e+05    6.26111e+03   -2.92103e+05
    Temperature Pressure (bar)  Cons. rmsd ()
    3.01395e+02    2.81262e+01    3.27283e-07

           Step           Time         Lambda
         680000    13600.00000        0.00000

   Energies (kJ/mol)
        LJ (SR)   Coulomb (SR)      Potential    Kinetic En.   Total Energy
   -2.98500e+05    0.00000e+00   -2.98500e+05    5.97362e+03   -2.92526e+05
    Temperature Pressure (bar)  Cons. rmsd ()
    2.87555e+02    6.81496e+00    3.32335e-07

           Step           Time         Lambda
         685000    13700.00000        0.00000

   Energies (kJ/mol)
        LJ (SR)   Coulomb (SR)      Potential    Kinetic En.   Total Energy
   -2.98561e+05    0.00000e+00   -2.98561e+05    6.08203e+03   -2.92479e+05
    Temperature Pressure (bar)  Cons. rmsd ()
    2.92774e+02   -1.43315e+01    3.39087e-07

           Step           Time         Lambda
         690000    13800.00000        0.00000

   Energies (kJ/mol)
        LJ (SR)   Coulomb (SR)      Potential    Kinetic En.   Total Energy
   -2.98645e+05    0.00000e+00   -2.98645e+05    6.17885e+03   -2.92466e+05
    Temperature Pressure (bar)  Cons. rmsd ()
    2.97435e+02    1.14472e+01    3.40472e-07

           Step           Time         Lambda
         695000    13900.00000        0.00000

   Energies (kJ/mol)
        LJ (SR)   Coulomb (SR)      Potential    Kinetic En.   Total Energy
   -2.98600e+05    0.00000e+00   -2.98600e+05    6.38454e+03   -2.92215e+05
    Temperature Pressure (bar)  Cons. rmsd ()
    3.07336e+02   -3.14298e+00    3.34711e-07

           Step           Time         Lambda
         700000    14000.00000        0.00000

   Energies (kJ/mol)
        LJ (SR)   Coulomb (SR)      Potential    Kinetic En.   Total Energy
   -2.98610e+05    0.00000e+00   -2.98610e+05    6.21622e+03   -2.92394e+05
    Temperature Pressure (bar)  Cons. rmsd ()
    2.99233e+02   -7.28143e+00    3.48353e-07

           Step           Time         Lambda
         705000    14100.00000        0.00000

   Energies (kJ/mol)
        LJ (SR)   Coulomb (SR)      Potential    Kinetic En.   Total Energy
   -2.98310e+05    0.00000e+00   -2.98310e+05    6.21027e+03   -2.92100e+05
    Temperature Pressure (bar)  Cons. rmsd ()
    2.98947e+02    2.41779e+01    3.29469e-07

           Step           Time         Lambda
         710000    14200.00000        0.00000

   Energies (kJ/mol)
        LJ (SR)   Coulomb (SR)      Potential    Kinetic En.   Total Energy
   -2.98486e+05    0.00000e+00   -2.98486e+05    6.10903e+03   -2.92377e+05
    Temperature Pressure (bar)  Cons. rmsd ()
    2.94074e+02    7.68253e+00    3.38064e-07

           Step           Time         Lambda
         715000    14300.00000        0.00000

   Energies (kJ/mol)
        LJ (SR)   Coulomb (SR)      Potential    Kinetic En.   Total Energy
   -2.98563e+05    0.00000e+00   -2.98563e+05    6.03509e+03   -2.92528e+05
    Temperature Pressure (bar)  Cons. rmsd ()
    2.90514e+02   -2.00428e+01    3.41478e-07

           Step           Time         Lambda
         720000    14400.00000        0.00000

   Energies (kJ/mol)
        LJ (SR)   Coulomb (SR)      Potential    Kinetic En.   Total Energy
   -2.98634e+05    0.00000e+00   -2.98634e+05    6.40747e+03   -2.92226e+05
    Temperature Pressure (bar)  Cons. rmsd ()
    3.08440e+02   -1.73564e+00    3.34663e-07

           Step           Time         Lambda
         725000    14500.00000        0.00000

   Energies (kJ/mol)
        LJ (SR)   Coulomb (SR)      Potential    Kinetic En.   Total Energy
   -2.98578e+05    0.00000e+00   -2.98578e+05    6.05631e+03   -2.92522e+05
    Temperature Pressure (bar)  Cons. rmsd ()
    2.91536e+02   -7.08069e+00    3.48297e-07

           Step           Time         Lambda
         730000    14600.00000        0.00000

   Energies (kJ/mol)
        LJ (SR)   Coulomb (SR)      Potential    Kinetic En.   Total Energy
   -2.98410e+05    0.00000e+00   -2.98410e+05    6.13758e+03   -2.92273e+05
    Temperature Pressure (bar)  Cons. rmsd ()
    2.95448e+02    1.95296e+01    3.26218e-07

           Step           Time         Lambda
         735000    14700.00000        0.00000

   Energies (kJ/mol)
        LJ (SR)   Coulomb (SR)      Potential    Kinetic En.   Total Energy
   -2.98468e+05    0.00000e+00   -2.98468e+05    6.02972e+03   -2.92438e+05
    Temperature Pressure (bar)  Cons. rmsd ()
    2.90256e+02    1.85542e+01    3.40916e-07

           Step           Time         Lambda
         740000    14800.00000        0.00000

   Energies (kJ/mol)
        LJ (SR)   Coulomb (SR)      Potential    Kinetic En.   Total Energy
   -2.98376e+05    0.00000e+00   -2.98376e+05    6.23883e+03   -2.92137e+05
    Temperature Pressure (bar)  Cons. rmsd ()
    3.00322e+02    2.40977e+01    3.41764e-07

           Step           Time         Lambda
         745000    14900.00000        0.00000

Writing checkpoint, step 745000 at Thu Jan 10 18:50:43 2013

   Energies (kJ/mol)
        LJ (SR)   Coulomb (SR)      Potential    Kinetic En.   Total Energy
   -2.98618e+05    0.00000e+00   -2.98618e+05    6.18463e+03   -2.92433e+05
    Temperature Pressure (bar)  Cons. rmsd ()
    2.97713e+02   -1.28975e+01    3.37217e-07

           Step           Time         Lambda
         750000    15000.00000        0.00000

   Energies (kJ/mol)
        LJ (SR)   Coulomb (SR)      Potential    Kinetic En.   Total Energy
   -2.98443e+05    0.00000e+00   -2.98443e+05    6.09730e+03   -2.92345e+05
    Temperature Pressure (bar)  Cons. rmsd ()
    2.93509e+02    2.52240e+01    3.40577e-07

           Step           Time         Lambda
         755000    15100.00000        0.00000

   Energies (kJ/mol)
        LJ (SR)   Coulomb (SR)      Potential    Kinetic En.   Total Energy
   -2.98717e+05    0.00000e+00   -2.98717e+05    6.09501e+03   -2.92622e+05
    Temperature Pressure (bar)  Cons. rmsd ()
    2.93399e+02   -2.49427e+01    3.35199e-07

           Step           Time         Lambda
         760000    15200.00000        0.00000

   Energies (kJ/mol)
        LJ (SR)   Coulomb (SR)      Potential    Kinetic En.   Total Energy
   -2.98501e+05    0.00000e+00   -2.98501e+05    6.27384e+03   -2.92227e+05
    Temperature Pressure (bar)  Cons. rmsd ()
    3.02007e+02    2.05496e+01    3.36368e-07

           Step           Time         Lambda
         765000    15300.00000        0.00000

   Energies (kJ/mol)
        LJ (SR)   Coulomb (SR)      Potential    Kinetic En.   Total Energy
   -2.98520e+05    0.00000e+00   -2.98520e+05    6.23350e+03   -2.92286e+05
    Temperature Pressure (bar)  Cons. rmsd ()
    3.00065e+02    1.36670e+01    3.51824e-07

           Step           Time         Lambda
         770000    15400.00000        0.00000

   Energies (kJ/mol)
        LJ (SR)   Coulomb (SR)      Potential    Kinetic En.   Total Energy
   -2.98672e+05    0.00000e+00   -2.98672e+05    6.30941e+03   -2.92363e+05
    Temperature Pressure (bar)  Cons. rmsd ()
    3.03719e+02   -2.78062e+01    3.55336e-07

           Step           Time         Lambda
         775000    15500.00000        0.00000

   Energies (kJ/mol)
        LJ (SR)   Coulomb (SR)      Potential    Kinetic En.   Total Energy
   -2.98520e+05    0.00000e+00   -2.98520e+05    6.16868e+03   -2.92351e+05
    Temperature Pressure (bar)  Cons. rmsd ()
    2.96945e+02    4.16548e+00    3.36653e-07

           Step           Time         Lambda
         780000    15600.00000        0.00000

   Energies (kJ/mol)
        LJ (SR)   Coulomb (SR)      Potential    Kinetic En.   Total Energy
   -2.98515e+05    0.00000e+00   -2.98515e+05    6.36264e+03   -2.92153e+05
    Temperature Pressure (bar)  Cons. rmsd ()
    3.06282e+02   -1.34846e+01    3.53727e-07

           Step           Time         Lambda
         785000    15700.00000        0.00000

   Energies (kJ/mol)
        LJ (SR)   Coulomb (SR)      Potential    Kinetic En.   Total Energy
   -2.98379e+05    0.00000e+00   -2.98379e+05    6.29944e+03   -2.92079e+05
    Temperature Pressure (bar)  Cons. rmsd ()
    3.03239e+02    2.65179e+01    3.34328e-07

           Step           Time         Lambda
         790000    15800.00000        0.00000

   Energies (kJ/mol)
        LJ (SR)   Coulomb (SR)      Potential    Kinetic En.   Total Energy
   -2.98856e+05    0.00000e+00   -2.98856e+05    6.44040e+03   -2.92415e+05
    Temperature Pressure (bar)  Cons. rmsd ()
    3.10025e+02   -2.96653e+01    3.43356e-07

           Step           Time         Lambda
         795000    15900.00000        0.00000

   Energies (kJ/mol)
        LJ (SR)   Coulomb (SR)      Potential    Kinetic En.   Total Energy
   -2.98676e+05    0.00000e+00   -2.98676e+05    6.14875e+03   -2.92527e+05
    Temperature Pressure (bar)  Cons. rmsd ()
    2.95986e+02   -5.56391e+00    3.42838e-07

           Step           Time         Lambda
         800000    16000.00000        0.00000

   Energies (kJ/mol)
        LJ (SR)   Coulomb (SR)      Potential    Kinetic En.   Total Energy
   -2.98520e+05    0.00000e+00   -2.98520e+05    6.23258e+03   -2.92288e+05
    Temperature Pressure (bar)  Cons. rmsd ()
    3.00021e+02    1.03560e+01    3.33594e-07

           Step           Time         Lambda
         805000    16100.00000        0.00000

   Energies (kJ/mol)
        LJ (SR)   Coulomb (SR)      Potential    Kinetic En.   Total Energy
   -2.98354e+05    0.00000e+00   -2.98354e+05    6.32666e+03   -2.92027e+05
    Temperature Pressure (bar)  Cons. rmsd ()
    3.04550e+02    8.18913e+00    3.46549e-07

           Step           Time         Lambda
         810000    16200.00000        0.00000

   Energies (kJ/mol)
        LJ (SR)   Coulomb (SR)      Potential    Kinetic En.   Total Energy
   -2.98759e+05    0.00000e+00   -2.98759e+05    6.23857e+03   -2.92520e+05
    Temperature Pressure (bar)  Cons. rmsd ()
    3.00310e+02   -1.25037e+01    3.54415e-07

           Step           Time         Lambda
         815000    16300.00000        0.00000

   Energies (kJ/mol)
        LJ (SR)   Coulomb (SR)      Potential    Kinetic En.   Total Energy
   -2.98631e+05    0.00000e+00   -2.98631e+05    6.30539e+03   -2.92326e+05
    Temperature Pressure (bar)  Cons. rmsd ()
    3.03526e+02    1.18926e+01    3.53531e-07

           Step           Time         Lambda
         820000    16400.00000        0.00000

   Energies (kJ/mol)
        LJ (SR)   Coulomb (SR)      Potential    Kinetic En.   Total Energy
   -2.98686e+05    0.00000e+00   -2.98686e+05    6.12265e+03   -2.92563e+05
    Temperature Pressure (bar)  Cons. rmsd ()
    2.94729e+02   -1.53688e+01    3.24990e-07

           Step           Time         Lambda
         825000    16500.00000        0.00000

   Energies (kJ/mol)
        LJ (SR)   Coulomb (SR)      Potential    Kinetic En.   Total Energy
   -2.98636e+05    0.00000e+00   -2.98636e+05    6.11231e+03   -2.92524e+05
    Temperature Pressure (bar)  Cons. rmsd ()
    2.94232e+02    9.99848e+00    3.42786e-07

           Step           Time         Lambda
         830000    16600.00000        0.00000

Writing checkpoint, step 830000 at Thu Jan 10 19:05:15 2013

   Energies (kJ/mol)
        LJ (SR)   Coulomb (SR)      Potential    Kinetic En.   Total Energy
   -2.98708e+05    0.00000e+00   -2.98708e+05    6.18655e+03   -2.92521e+05
    Temperature Pressure (bar)  Cons. rmsd ()
    2.97806e+02   -2.78781e+00    3.45650e-07

           Step           Time         Lambda
         835000    16700.00000        0.00000

   Energies (kJ/mol)
        LJ (SR)   Coulomb (SR)      Potential    Kinetic En.   Total Energy
   -2.98701e+05    0.00000e+00   -2.98701e+05    6.01795e+03   -2.92683e+05
    Temperature Pressure (bar)  Cons. rmsd ()
    2.89689e+02   -3.35935e+00    3.36510e-07

           Step           Time         Lambda
         840000    16800.00000        0.00000

   Energies (kJ/mol)
        LJ (SR)   Coulomb (SR)      Potential    Kinetic En.   Total Energy
   -2.98777e+05    0.00000e+00   -2.98777e+05    6.11443e+03   -2.92662e+05
    Temperature Pressure (bar)  Cons. rmsd ()
    2.94334e+02   -1.88520e+01    3.45064e-07

           Step           Time         Lambda
         845000    16900.00000        0.00000

   Energies (kJ/mol)
        LJ (SR)   Coulomb (SR)      Potential    Kinetic En.   Total Energy
   -2.98636e+05    0.00000e+00   -2.98636e+05    6.38358e+03   -2.92252e+05
    Temperature Pressure (bar)  Cons. rmsd ()
    3.07290e+02   -1.00991e+00    3.35003e-07

           Step           Time         Lambda
         850000    17000.00000        0.00000

   Energies (kJ/mol)
        LJ (SR)   Coulomb (SR)      Potential    Kinetic En.   Total Energy
   -2.98632e+05    0.00000e+00   -2.98632e+05    6.05965e+03   -2.92572e+05
    Temperature Pressure (bar)  Cons. rmsd ()
    2.91697e+02    6.05268e+00    3.44492e-07

           Step           Time         Lambda
         855000    17100.00000        0.00000

   Energies (kJ/mol)
        LJ (SR)   Coulomb (SR)      Potential    Kinetic En.   Total Energy
   -2.98586e+05    0.00000e+00   -2.98586e+05    6.15203e+03   -2.92434e+05
    Temperature Pressure (bar)  Cons. rmsd ()
    2.96144e+02    1.23314e+01    3.38074e-07

           Step           Time         Lambda
         860000    17200.00000        0.00000

   Energies (kJ/mol)
        LJ (SR)   Coulomb (SR)      Potential    Kinetic En.   Total Energy
   -2.98657e+05    0.00000e+00   -2.98657e+05    6.18485e+03   -2.92472e+05
    Temperature Pressure (bar)  Cons. rmsd ()
    2.97724e+02   -5.16689e+00    3.49595e-07

           Step           Time         Lambda
         865000    17300.00000        0.00000

   Energies (kJ/mol)
        LJ (SR)   Coulomb (SR)      Potential    Kinetic En.   Total Energy
   -2.98674e+05    0.00000e+00   -2.98674e+05    6.14102e+03   -2.92533e+05
    Temperature Pressure (bar)  Cons. rmsd ()
    2.95614e+02   -2.08818e+01    3.32073e-07

           Step           Time         Lambda
         870000    17400.00000        0.00000

   Energies (kJ/mol)
        LJ (SR)   Coulomb (SR)      Potential    Kinetic En.   Total Energy
   -2.98663e+05    0.00000e+00   -2.98663e+05    6.33982e+03   -2.92324e+05
    Temperature Pressure (bar)  Cons. rmsd ()
    3.05183e+02   -1.99183e+01    3.50833e-07

           Step           Time         Lambda
         875000    17500.00000        0.00000

   Energies (kJ/mol)
        LJ (SR)   Coulomb (SR)      Potential    Kinetic En.   Total Energy
   -2.98694e+05    0.00000e+00   -2.98694e+05    6.34573e+03   -2.92348e+05
    Temperature Pressure (bar)  Cons. rmsd ()
    3.05468e+02   -1.19463e+01    3.40905e-07

           Step           Time         Lambda
         880000    17600.00000        0.00000

   Energies (kJ/mol)
        LJ (SR)   Coulomb (SR)      Potential    Kinetic En.   Total Energy
   -2.98662e+05    0.00000e+00   -2.98662e+05    6.16644e+03   -2.92496e+05
    Temperature Pressure (bar)  Cons. rmsd ()
    2.96837e+02   -1.07414e+01    3.47061e-07

           Step           Time         Lambda
         885000    17700.00000        0.00000

   Energies (kJ/mol)
        LJ (SR)   Coulomb (SR)      Potential    Kinetic En.   Total Energy
   -2.98658e+05    0.00000e+00   -2.98658e+05    6.39589e+03   -2.92262e+05
    Temperature Pressure (bar)  Cons. rmsd ()
    3.07882e+02    1.17157e+01    3.44384e-07

           Step           Time         Lambda
         890000    17800.00000        0.00000

   Energies (kJ/mol)
        LJ (SR)   Coulomb (SR)      Potential    Kinetic En.   Total Energy
   -2.98779e+05    0.00000e+00   -2.98779e+05    6.23989e+03   -2.92539e+05
    Temperature Pressure (bar)  Cons. rmsd ()
    3.00373e+02   -2.50603e+00    3.43470e-07

           Step           Time         Lambda
         895000    17900.00000        0.00000

   Energies (kJ/mol)
        LJ (SR)   Coulomb (SR)      Potential    Kinetic En.   Total Energy
   -2.98611e+05    0.00000e+00   -2.98611e+05    6.29951e+03   -2.92311e+05
    Temperature Pressure (bar)  Cons. rmsd ()
    3.03243e+02    1.87865e+01    3.40530e-07

           Step           Time         Lambda
         900000    18000.00000        0.00000

   Energies (kJ/mol)
        LJ (SR)   Coulomb (SR)      Potential    Kinetic En.   Total Energy
   -2.98751e+05    0.00000e+00   -2.98751e+05    6.43358e+03   -2.92318e+05
    Temperature Pressure (bar)  Cons. rmsd ()
    3.09697e+02   -1.47754e+01    3.31071e-07

           Step           Time         Lambda
         905000    18100.00000        0.00000

   Energies (kJ/mol)
        LJ (SR)   Coulomb (SR)      Potential    Kinetic En.   Total Energy
   -2.98481e+05    0.00000e+00   -2.98481e+05    6.15851e+03   -2.92322e+05
    Temperature Pressure (bar)  Cons. rmsd ()
    2.96455e+02    1.46221e+01    3.50595e-07

           Step           Time         Lambda
         910000    18200.00000        0.00000

   Energies (kJ/mol)
        LJ (SR)   Coulomb (SR)      Potential    Kinetic En.   Total Energy
   -2.98744e+05    0.00000e+00   -2.98744e+05    6.08314e+03   -2.92660e+05
    Temperature Pressure (bar)  Cons. rmsd ()
    2.92828e+02   -9.59249e+00    3.49971e-07

           Step           Time         Lambda
         915000    18300.00000        0.00000

   Energies (kJ/mol)
        LJ (SR)   Coulomb (SR)      Potential    Kinetic En.   Total Energy
   -2.98529e+05    0.00000e+00   -2.98529e+05    6.08585e+03   -2.92443e+05
    Temperature Pressure (bar)  Cons. rmsd ()
    2.92958e+02    3.55036e+00    3.34297e-07

           Step           Time         Lambda
         920000    18400.00000        0.00000

Writing checkpoint, step 920000 at Thu Jan 10 19:21:03 2013

   Energies (kJ/mol)
        LJ (SR)   Coulomb (SR)      Potential    Kinetic En.   Total Energy
   -2.98532e+05    0.00000e+00   -2.98532e+05    6.39869e+03   -2.92134e+05
    Temperature Pressure (bar)  Cons. rmsd ()
    3.08017e+02   -1.49650e+01    3.33781e-07

           Step           Time         Lambda
         925000    18500.00000        0.00000

   Energies (kJ/mol)
        LJ (SR)   Coulomb (SR)      Potential    Kinetic En.   Total Energy
   -2.98605e+05    0.00000e+00   -2.98605e+05    6.18128e+03   -2.92423e+05
    Temperature Pressure (bar)  Cons. rmsd ()
    2.97552e+02   -2.22230e+00    3.40290e-07

           Step           Time         Lambda
         930000    18600.00000        0.00000

   Energies (kJ/mol)
        LJ (SR)   Coulomb (SR)      Potential    Kinetic En.   Total Energy
   -2.98793e+05    0.00000e+00   -2.98793e+05    6.33776e+03   -2.92455e+05
    Temperature Pressure (bar)  Cons. rmsd ()
    3.05084e+02   -6.64650e-01    3.47511e-07

           Step           Time         Lambda
         935000    18700.00000        0.00000

   Energies (kJ/mol)
        LJ (SR)   Coulomb (SR)      Potential    Kinetic En.   Total Energy
   -2.98393e+05    0.00000e+00   -2.98393e+05    6.22752e+03   -2.92166e+05
    Temperature Pressure (bar)  Cons. rmsd ()
    2.99777e+02    1.37098e+01    3.30551e-07

           Step           Time         Lambda
         940000    18800.00000        0.00000

   Energies (kJ/mol)
        LJ (SR)   Coulomb (SR)      Potential    Kinetic En.   Total Energy
   -2.98439e+05    0.00000e+00   -2.98439e+05    6.19296e+03   -2.92246e+05
    Temperature Pressure (bar)  Cons. rmsd ()
    2.98114e+02    2.19921e+01    3.40170e-07

           Step           Time         Lambda
         945000    18900.00000        0.00000

   Energies (kJ/mol)
        LJ (SR)   Coulomb (SR)      Potential    Kinetic En.   Total Energy
   -2.98692e+05    0.00000e+00   -2.98692e+05    6.38494e+03   -2.92307e+05
    Temperature Pressure (bar)  Cons. rmsd ()
    3.07355e+02    1.08429e+01    3.42652e-07

           Step           Time         Lambda
         950000    19000.00000        0.00000

   Energies (kJ/mol)
        LJ (SR)   Coulomb (SR)      Potential    Kinetic En.   Total Energy
   -2.98765e+05    0.00000e+00   -2.98765e+05    6.20777e+03   -2.92557e+05
    Temperature Pressure (bar)  Cons. rmsd ()
    2.98827e+02   -2.21291e+01    3.41108e-07

           Step           Time         Lambda
         955000    19100.00000        0.00000

   Energies (kJ/mol)
        LJ (SR)   Coulomb (SR)      Potential    Kinetic En.   Total Energy
   -2.98628e+05    0.00000e+00   -2.98628e+05    6.13771e+03   -2.92490e+05
    Temperature Pressure (bar)  Cons. rmsd ()
    2.95454e+02    7.27153e+00    3.36072e-07

           Step           Time         Lambda
         960000    19200.00000        0.00000

   Energies (kJ/mol)
        LJ (SR)   Coulomb (SR)      Potential    Kinetic En.   Total Energy
   -2.98923e+05    0.00000e+00   -2.98923e+05    6.30546e+03   -2.92617e+05
    Temperature Pressure (bar)  Cons. rmsd ()
    3.03530e+02   -2.75162e+01    3.33717e-07

           Step           Time         Lambda
         965000    19300.00000        0.00000

   Energies (kJ/mol)
        LJ (SR)   Coulomb (SR)      Potential    Kinetic En.   Total Energy
   -2.98778e+05    0.00000e+00   -2.98778e+05    6.08886e+03   -2.92689e+05
    Temperature Pressure (bar)  Cons. rmsd ()
    2.93103e+02   -5.34568e+00    3.45465e-07

           Step           Time         Lambda
         970000    19400.00000        0.00000

   Energies (kJ/mol)
        LJ (SR)   Coulomb (SR)      Potential    Kinetic En.   Total Energy
   -2.98500e+05    0.00000e+00   -2.98500e+05    6.40901e+03   -2.92091e+05
    Temperature Pressure (bar)  Cons. rmsd ()
    3.08514e+02    5.48964e+00    3.36347e-07

           Step           Time         Lambda
         975000    19500.00000        0.00000

   Energies (kJ/mol)
        LJ (SR)   Coulomb (SR)      Potential    Kinetic En.   Total Energy
   -2.98555e+05    0.00000e+00   -2.98555e+05    6.11799e+03   -2.92437e+05
    Temperature Pressure (bar)  Cons. rmsd ()
    2.94505e+02    9.43530e+00    3.42470e-07

           Step           Time         Lambda
         980000    19600.00000        0.00000

   Energies (kJ/mol)
        LJ (SR)   Coulomb (SR)      Potential    Kinetic En.   Total Energy
   -2.98697e+05    0.00000e+00   -2.98697e+05    6.53337e+03   -2.92164e+05
    Temperature Pressure (bar)  Cons. rmsd ()
    3.14500e+02    5.28094e+00    3.50777e-07

           Step           Time         Lambda
         985000    19700.00000        0.00000

   Energies (kJ/mol)
        LJ (SR)   Coulomb (SR)      Potential    Kinetic En.   Total Energy
   -2.98596e+05    0.00000e+00   -2.98596e+05    6.64080e+03   -2.91955e+05
    Temperature Pressure (bar)  Cons. rmsd ()
    3.19672e+02   -3.25718e+00    3.36721e-07

           Step           Time         Lambda
         990000    19800.00000        0.00000

   Energies (kJ/mol)
        LJ (SR)   Coulomb (SR)      Potential    Kinetic En.   Total Energy
   -2.98547e+05    0.00000e+00   -2.98547e+05    6.07793e+03   -2.92470e+05
    Temperature Pressure (bar)  Cons. rmsd ()
    2.92577e+02    1.17447e+01    3.42926e-07

           Step           Time         Lambda
         995000    19900.00000        0.00000

   Energies (kJ/mol)
        LJ (SR)   Coulomb (SR)      Potential    Kinetic En.   Total Energy
   -2.98544e+05    0.00000e+00   -2.98544e+05    6.16312e+03   -2.92380e+05
    Temperature Pressure (bar)  Cons. rmsd ()
    2.96678e+02    4.19210e+00    3.42709e-07

           Step           Time         Lambda
        1000000    20000.00000        0.00000

Writing checkpoint, step 1000000 at Thu Jan 10 19:34:58 2013

   Energies (kJ/mol)
        LJ (SR)   Coulomb (SR)      Potential    Kinetic En.   Total Energy
   -2.98698e+05    0.00000e+00   -2.98698e+05    6.07592e+03   -2.92622e+05
    Temperature Pressure (bar)  Cons. rmsd ()
    2.92480e+02    2.48152e+00    3.44822e-07

	<======  ###############  ==>
	<====  A V E R A G E S  ====>
	<==  ###############  ======>

   Energies (kJ/mol)
        LJ (SR)   Coulomb (SR)      Potential    Kinetic En.   Total Energy
   -2.98393e+05    0.00000e+00   -2.98393e+05    6.23850e+03   -2.92154e+05
    Temperature Pressure (bar)  Cons. rmsd ()
    3.00306e+02    6.83337e-01    0.00000e+00

          Box-X          Box-Y          Box-Z         Volume   Density (SI)
    9.78314e+00    9.78314e+00    9.78314e+00    9.36348e+02    1.61490e+03
             pV
    3.75724e+01

   Total Virial (kJ/mol)
    3.21319e+03    2.34330e+02   -1.28597e+03
    2.34330e+02   -3.16520e+01   -1.16075e+03
   -1.28597e+03   -1.16075e+03    3.00060e+03

   Pressure (bar)
   -4.01883e+01   -8.15219e+00    4.60514e+01
   -8.15219e+00    7.61423e+01    4.07760e+01
    4.60514e+01    4.07760e+01   -3.39040e+01

   Total Dipole (Debye)
    0.00000e+00    0.00000e+00    0.00000e+00

	<======  ###############################  ==>
	<====  R M S - F L U C T U A T I O N S  ====>
	<==  ###############################  ======>

   Energies (kJ/mol)
        LJ (SR)   Coulomb (SR)      Potential    Kinetic En.   Total Energy
    1.56906e+03    0.00000e+00    1.56906e+03    1.16984e+03    2.57379e+03
    Temperature Pressure (bar)  Cons. rmsd ()
    5.63133e+01    1.36070e+02    0.00000e+00

          Box-X          Box-Y          Box-Z         Volume   Density (SI)
    1.22453e-02    1.22453e-02    1.22453e-02    3.66592e+00    5.59688e+00
             pV
    8.39315e+03

   Total Virial (kJ/mol)
    4.00278e+03    9.73835e+02    9.79265e+02
    9.73835e+02    3.95871e+03    9.55991e+02
    9.79265e+02    9.55991e+02    4.11084e+03

   Pressure (bar)
    1.40871e+02    3.45998e+01    3.47566e+01
    3.45998e+01    1.39363e+02    3.39317e+01
    3.47566e+01    3.39317e+01    1.44627e+02

   Total Dipole (Debye)
    0.00000e+00    0.00000e+00    0.00000e+00


	M E G A - F L O P S   A C C O U N T I N G

   RF=Reaction-Field  FE=Free Energy  SCFE=Soft-Core/Free Energy
   T=Tabulated        W3=SPC/TIP3p    W4=TIP4p (single or pairs)
   NF=No Forces

 Computing:                         M-Number         M-Flops  % Flops
-----------------------------------------------------------------------
 LJ                            508442.659352    16778607.759    90.5
 Outer nonbonded loop            8506.821956       85068.220     0.5
 NS-Pairs                       65164.400384     1368452.408     7.4
 Reset In Box                     200.001000         600.003     0.0
 Shift-X                         4000.004000       24000.024     0.1
 CG-CoM                           400.002000        1200.006     0.0
 Virial                          2045.002045       36810.037     0.2
 Update                          2000.002000       62000.062     0.3
 Stop-CM                         2000.002000       20000.020     0.1
 P-Coupling                      2000.002000       12000.012     0.1
 Calc-Ekin                       2000.004000       54000.108     0.3
 Lincs                           1000.003000       60000.180     0.3
 Constraint-V                    2000.004000       16000.032     0.1
 Constraint-Vir                  1000.001000       24000.024     0.1
-----------------------------------------------------------------------
 Total                                          18542738.894   100.0
-----------------------------------------------------------------------


     R E A L   C Y C L E   A N D   T I M E   A C C O U N T I N G

 Computing:         Nodes     Number     G-Cycles    Seconds     %
-----------------------------------------------------------------------
 Neighbor search        1     200001     8594.158     3581.2    28.5
 Force                  1    1000001    20481.444     8534.6    67.8
 Write traj.            1       2001        5.305        2.2     0.0
 Update                 1    1000001      462.444      192.7     1.5
 Constraints            1    1000001      318.753      132.8     1.1
 Rest                   1                 339.415      141.4     1.1
-----------------------------------------------------------------------
 Total                  1               30201.518    12585.0   100.0
-----------------------------------------------------------------------

               NODE (s)   Real (s)      (%)
       Time:  10260.390  12585.000     81.5
                       2h51:00
               (Mnbf/s)   (GFlops)   (ns/day)  (hour/ns)
Performance:     49.554      1.807    168.415      0.143
Finished mdrun on node 0 Thu Jan 10 19:34:58 2013
