Log file opened on Tue Jan 22 17:12:47 2013
Host: james10uc  pid: 7400  nodeid: 0  nnodes:  1
Gromacs version:    VERSION 4.6-beta3
Precision:          single
MPI library:        thread_mpi
OpenMP support:     enabled
GPU support:        enabled
invsqrt routine:    gmx_software_invsqrt(x)
CPU acceleration:   SSE2
FFT library:        fftw-3.2.2
Large file support: enabled
RDTSCP usage:       disabled
Built on:           Fri Jan 11 15:34:52 GMT 2013
Built by:           jarvist@james10uc [CMAKE]
Build OS/arch:      Linux 2.6.32-33-generic x86_64
Build CPU vendor:   GenuineIntel
Build CPU brand:    Intel(R) Core(TM)2 CPU          6600  @ 2.40GHz
Build CPU family:   6   Model: 15   Stepping: 6
Build CPU features: apic clfsh cmov cx8 cx16 lahf_lm mmx msr pdcm pse sse2 sse3 ssse3
C compiler:         /usr/bin/gcc GNU gcc (Ubuntu 4.4.3-4ubuntu5.1) 4.4.3
C compiler flags:   -msse2  -Wextra -Wno-missing-field-initializers -Wno-sign-compare -Wall -Wno-unused -Wunused-value   -fomit-frame-pointer -funroll-all-loops  -O3 -DNDEBUG
C++ compiler:       /usr/bin/c++ GNU c++ (Ubuntu 4.4.3-4ubuntu5.1) 4.4.3
C++ compiler flags: -msse2  -Wextra -Wno-missing-field-initializers -Wno-sign-compare -Wall -Wno-unused -Wunused-value   -fomit-frame-pointer -funroll-all-loops  -O3 -DNDEBUG
CUDA compiler:      nvcc: NVIDIA (R) Cuda compiler driver;Copyright (c) 2005-2010 NVIDIA Corporation;Built on Wed_Nov__3_16:16:57_PDT_2010;Cuda compilation tools, release 3.2, V0.2.1221
CUDA driver:        0.0
CUDA runtime:       0.0


                         :-)  G  R  O  M  A  C  S  (-:

                 Good ROcking Metal Altar for Chronical Sinners

                          :-)  VERSION 4.6-beta3  (-:

        Written by Emile Apol, Rossen Apostolov, Herman J.C. Berendsen,
      Aldert van Buuren, Pär Bjelkmar, Rudi van Drunen, Anton Feenstra, 
        Gerrit Groenhof, Peter Kasson, Per Larsson, Pieter Meulenhoff, 
           Teemu Murtola, Szilard Pall, Sander Pronk, Roland Schulz, 
                Michael Shirts, Alfons Sijbers, Peter Tieleman,

               Berk Hess, David van der Spoel, and Erik Lindahl.

       Copyright (c) 1991-2000, University of Groningen, The Netherlands.
            Copyright (c) 2001-2010, The GROMACS development team at
        Uppsala University & The Royal Institute of Technology, Sweden.
            check out http://www.gromacs.org for more information.

         This program is free software; you can redistribute it and/or
       modify it under the terms of the GNU Lesser General Public License
        as published by the Free Software Foundation; either version 2.1
             of the License, or (at your option) any later version.

                                :-)  mdrun  (-:


++++ PLEASE READ AND CITE THE FOLLOWING REFERENCE ++++
B. Hess and C. Kutzner and D. van der Spoel and E. Lindahl
GROMACS 4: Algorithms for highly efficient, load-balanced, and scalable
molecular simulation
J. Chem. Theory Comput. 4 (2008) pp. 435-447
-------- -------- --- Thank You --- -------- --------


++++ PLEASE READ AND CITE THE FOLLOWING REFERENCE ++++
D. van der Spoel, E. Lindahl, B. Hess, G. Groenhof, A. E. Mark and H. J. C.
Berendsen
GROMACS: Fast, Flexible and Free
J. Comp. Chem. 26 (2005) pp. 1701-1719
-------- -------- --- Thank You --- -------- --------


++++ PLEASE READ AND CITE THE FOLLOWING REFERENCE ++++
E. Lindahl and B. Hess and D. van der Spoel
GROMACS 3.0: A package for molecular simulation and trajectory analysis
J. Mol. Mod. 7 (2001) pp. 306-317
-------- -------- --- Thank You --- -------- --------


++++ PLEASE READ AND CITE THE FOLLOWING REFERENCE ++++
H. J. C. Berendsen, D. van der Spoel and R. van Drunen
GROMACS: A message-passing parallel molecular dynamics implementation
Comp. Phys. Comm. 91 (1995) pp. 43-56
-------- -------- --- Thank You --- -------- --------


NOTE: Error occurred during GPU detection:
      CUDA driver version is insufficient for CUDA runtime version
      Can not use GPU acceleration, will fall back to CPU kernels.

Input Parameters:
   integrator           = md
   nsteps               = 250000
   init-step            = 0
   cutoff-scheme        = Group
   ns_type              = Grid
   nstlist              = 5
   ndelta               = 2
   nstcomm              = 100
   comm-mode            = Linear
   nstlog               = 5000
   nstxout              = 500
   nstvout              = 5000
   nstfout              = 0
   nstcalcenergy        = 100
   nstenergy            = 5000
   nstxtcout            = 5000
   init-t               = 0
   delta-t              = 0.02
   xtcprec              = 1000
   fourierspacing       = 0.12
   nkx                  = 0
   nky                  = 0
   nkz                  = 0
   pme-order            = 4
   ewald-rtol           = 1e-05
   ewald-geometry       = 0
   epsilon-surface      = 0
   optimize-fft         = FALSE
   ePBC                 = xyz
   bPeriodicMols        = FALSE
   bContinuation        = FALSE
   bShakeSOR            = FALSE
   etc                  = V-rescale
   bPrintNHChains       = FALSE
   nsttcouple           = 5
   epc                  = Berendsen
   epctype              = Isotropic
   nstpcouple           = 5
   tau-p                = 5
   ref-p (3x3):
      ref-p[    0]={ 1.00000e+00,  0.00000e+00,  0.00000e+00}
      ref-p[    1]={ 0.00000e+00,  1.00000e+00,  0.00000e+00}
      ref-p[    2]={ 0.00000e+00,  0.00000e+00,  1.00000e+00}
   compress (3x3):
      compress[    0]={ 4.50000e-05,  0.00000e+00,  0.00000e+00}
      compress[    1]={ 0.00000e+00,  4.50000e-05,  0.00000e+00}
      compress[    2]={ 0.00000e+00,  0.00000e+00,  4.50000e-05}
   refcoord-scaling     = No
   posres-com (3):
      posres-com[0]= 0.00000e+00
      posres-com[1]= 0.00000e+00
      posres-com[2]= 0.00000e+00
   posres-comB (3):
      posres-comB[0]= 0.00000e+00
      posres-comB[1]= 0.00000e+00
      posres-comB[2]= 0.00000e+00
   verlet-buffer-drift  = 0.005
   rlist                = 3.85
   rlistlong            = 3.85
   nstcalclr            = 0
   rtpi                 = 0.05
   coulombtype          = Cut-off
   coulomb-modifier     = None
   rcoulomb-switch      = 0
   rcoulomb             = 3.85
   vdwtype              = Cut-off
   vdw-modifier         = None
   rvdw-switch          = 0
   rvdw                 = 3.85
   epsilon-r            = 1
   epsilon-rf           = inf
   tabext               = 1
   implicit-solvent     = No
   gb-algorithm         = Still
   gb-epsilon-solvent   = 80
   nstgbradii           = 1
   rgbradii             = 2
   gb-saltconc          = 0
   gb-obc-alpha         = 1
   gb-obc-beta          = 0.8
   gb-obc-gamma         = 4.85
   gb-dielectric-offset = 0.009
   sa-algorithm         = Ace-approximation
   sa-surface-tension   = 2.05016
   DispCorr             = No
   bSimTemp             = FALSE
   free-energy          = no
   nwall                = 0
   wall-type            = 9-3
   wall-atomtype[0]     = -1
   wall-atomtype[1]     = -1
   wall-density[0]      = 0
   wall-density[1]      = 0
   wall-ewald-zfac      = 3
   pull                 = no
   rotation             = FALSE
   disre                = No
   disre-weighting      = Conservative
   disre-mixed          = FALSE
   dr-fc                = 1000
   dr-tau               = 0
   nstdisreout          = 100
   orires-fc            = 0
   orires-tau           = 0
   nstorireout          = 100
   dihre-fc             = 0
   em-stepsize          = 0.1
   em-tol               = 100
   niter                = 20
   fc-stepsize          = 0
   nstcgsteep           = 1000
   nbfgscorr            = 10
   ConstAlg             = Lincs
   shake-tol            = 0.0001
   lincs-order          = 4
   lincs-warnangle      = 30
   lincs-iter           = 1
   bd-fric              = 0.1
   ld-seed              = 1993
   cos-accel            = 0
   deform (3x3):
      deform[    0]={ 0.00000e+00,  0.00000e+00,  0.00000e+00}
      deform[    1]={ 0.00000e+00,  0.00000e+00,  0.00000e+00}
      deform[    2]={ 0.00000e+00,  0.00000e+00,  0.00000e+00}
   adress               = FALSE
   userint1             = 0
   userint2             = 0
   userint3             = 0
   userint4             = 0
   userreal1            = 0
   userreal2            = 0
   userreal3            = 0
   userreal4            = 0
grpopts:
   nrdf:        6997
   ref-t:         300
   tau-t:         0.2
anneal:          No
ann-npoints:           0
   acc:	           0           0           0
   nfreeze:           N           N           N
   energygrp-flags[  0]: 0
   efield-x:
      n = 0
   efield-xt:
      n = 0
   efield-y:
      n = 0
   efield-yt:
      n = 0
   efield-z:
      n = 0
   efield-zt:
      n = 0
   bQMMM                = FALSE
   QMconstraints        = 0
   QMMMscheme           = 0
   scalefactor          = 1
qm-opts:
   ngQM                 = 0

Initializing Domain Decomposition on 2 nodes
Dynamic load balancing: auto
Will sort the charge groups at every domain (re)decomposition
Scaling the initial minimum size with 1/0.8 (option -dds) = 1.25
Optimizing the DD grid for 2 cells with a minimum initial size of 0.000 nm
Domain decomposition grid 2 x 1 x 1, separate PME nodes 0
Domain decomposition nodeid 0, coordinates 0 0 0

Using 2 MPI threads

Detecting CPU-specific acceleration.
Present hardware specification:
Vendor: GenuineIntel
Brand:  Intel(R) Core(TM)2 CPU          6600  @ 2.40GHz
Family:  6  Model: 15  Stepping:  6
Features: apic clfsh cmov cx8 cx16 lahf_lm mmx msr pdcm pse sse2 sse3 ssse3
Acceleration most likely to fit this hardware: SSE2
Acceleration selected at GROMACS compile time: SSE2


No GPUs detected

Table routines are used for coulomb: FALSE
Table routines are used for vdw:     FALSE
Cut-off's:   NS: 3.85   Coulomb: 3.85   LJ: 3.85
System total charge: 0.000
Potential shift: LJ r^-12: 0.000 r^-6 0.000, Coulomb 0.000
Removing pbc first time

Initializing LINear Constraint Solver

++++ PLEASE READ AND CITE THE FOLLOWING REFERENCE ++++
B. Hess and H. Bekker and H. J. C. Berendsen and J. G. E. M. Fraaije
LINCS: A Linear Constraint Solver for molecular simulations
J. Comp. Chem. 18 (1997) pp. 1463-1472
-------- -------- --- Thank You --- -------- --------

The number of constraints is 2000

Linking all bonded interactions to atoms

The initial number of communication pulses is: X 1
The initial domain decomposition cell size is: X 12.90 nm

When dynamic load balancing gets turned on, these settings will change to:
The maximum number of communication pulses is: X 1
The minimum size for domain decomposition cells is 3.850 nm
The requested allowed shrink of DD cells (option -dds) is: 0.80
The allowed shrink of domain decomposition cells is: X 0.30

Making 1D domain decomposition grid 2 x 1 x 1, home cell index 0 0 0

Center of mass motion removal mode is Linear
We have the following groups for center of mass motion removal:
  0:  rest

++++ PLEASE READ AND CITE THE FOLLOWING REFERENCE ++++
G. Bussi, D. Donadio and M. Parrinello
Canonical sampling through velocity rescaling
J. Chem. Phys. 126 (2007) pp. 014101
-------- -------- --- Thank You --- -------- --------

There are: 3000 Atoms
Charge group distribution at step 0: 338 662
Grid: 4 x 7 x 7 cells

Constraining the starting coordinates (step 0)

Constraining the coordinates at t0-dt (step 0)
RMS relative constraint deviation after constraining: 6.86e-07
Initial temperature: 296.623 K

Started mdrun on node 0 Tue Jan 22 17:12:48 2013

           Step           Time         Lambda
              0        0.00000        0.00000


   Energies (kJ/mol)
          Angle        LJ (SR)   Coulomb (SR)      Potential    Kinetic En.
    5.82596e+01   -3.09614e+05    0.00000e+00   -3.09556e+05    8.63275e+03
   Total Energy    Temperature Pressure (bar)   Constr. rmsd
   -3.00923e+05    2.96777e+02   -1.12733e+01    8.67940e-07

DD  step 4 load imb.: force 29.2%

At step 5 the performance loss due to force load imbalance is 11.5 %

NOTE: Turning on dynamic load balancing

DD  step 4999  vol min/aver 0.912  load imb.: force  0.7%

           Step           Time         Lambda
           5000      100.00000        0.00000

   Energies (kJ/mol)
          Angle        LJ (SR)   Coulomb (SR)      Potential    Kinetic En.
    8.13905e+02   -3.12456e+05    0.00000e+00   -3.11642e+05    8.73489e+03
   Total Energy    Temperature Pressure (bar)   Constr. rmsd
   -3.02908e+05    3.00289e+02    1.51002e+00    8.54280e-07

DD  step 9999  vol min/aver 0.898  load imb.: force  2.6%

           Step           Time         Lambda
          10000      200.00000        0.00000

   Energies (kJ/mol)
          Angle        LJ (SR)   Coulomb (SR)      Potential    Kinetic En.
    8.64923e+02   -3.13051e+05    0.00000e+00   -3.12186e+05    8.52178e+03
   Total Energy    Temperature Pressure (bar)   Constr. rmsd
   -3.03665e+05    2.92962e+02    2.47074e+00    8.70687e-07

DD  step 14999  vol min/aver 0.904  load imb.: force  0.4%

           Step           Time         Lambda
          15000      300.00000        0.00000

   Energies (kJ/mol)
          Angle        LJ (SR)   Coulomb (SR)      Potential    Kinetic En.
    8.21103e+02   -3.13621e+05    0.00000e+00   -3.12800e+05    8.71474e+03
   Total Energy    Temperature Pressure (bar)   Constr. rmsd
   -3.04085e+05    2.99596e+02    1.89256e+00    8.66005e-07

DD  step 19999  vol min/aver 0.895  load imb.: force  0.5%

           Step           Time         Lambda
          20000      400.00000        0.00000

   Energies (kJ/mol)
          Angle        LJ (SR)   Coulomb (SR)      Potential    Kinetic En.
    7.89887e+02   -3.13929e+05    0.00000e+00   -3.13139e+05    8.83481e+03
   Total Energy    Temperature Pressure (bar)   Constr. rmsd
   -3.04304e+05    3.03724e+02   -4.93580e+00    8.79435e-07

DD  step 24999  vol min/aver 0.897  load imb.: force  1.4%

           Step           Time         Lambda
          25000      500.00000        0.00000

   Energies (kJ/mol)
          Angle        LJ (SR)   Coulomb (SR)      Potential    Kinetic En.
    8.37148e+02   -3.14240e+05    0.00000e+00   -3.13403e+05    8.69077e+03
   Total Energy    Temperature Pressure (bar)   Constr. rmsd
   -3.04712e+05    2.98772e+02   -1.29273e+00    8.52587e-07

DD  step 29999  vol min/aver 0.898  load imb.: force  3.1%

           Step           Time         Lambda
          30000      600.00000        0.00000

   Energies (kJ/mol)
          Angle        LJ (SR)   Coulomb (SR)      Potential    Kinetic En.
    8.24679e+02   -3.14327e+05    0.00000e+00   -3.13502e+05    8.78497e+03
   Total Energy    Temperature Pressure (bar)   Constr. rmsd
   -3.04717e+05    3.02010e+02    2.56405e+00    8.73347e-07

DD  step 34999  vol min/aver 0.882  load imb.: force  1.6%

           Step           Time         Lambda
          35000      700.00000        0.00000

   Energies (kJ/mol)
          Angle        LJ (SR)   Coulomb (SR)      Potential    Kinetic En.
    8.04386e+02   -3.14470e+05    0.00000e+00   -3.13665e+05    8.74937e+03
   Total Energy    Temperature Pressure (bar)   Constr. rmsd
   -3.04916e+05    3.00786e+02   -2.08380e+00    8.99872e-07

DD  step 39999  vol min/aver 0.879  load imb.: force  0.6%

           Step           Time         Lambda
          40000      800.00000        0.00000

   Energies (kJ/mol)
          Angle        LJ (SR)   Coulomb (SR)      Potential    Kinetic En.
    8.13933e+02   -3.14450e+05    0.00000e+00   -3.13636e+05    8.81626e+03
   Total Energy    Temperature Pressure (bar)   Constr. rmsd
   -3.04820e+05    3.03086e+02    6.61500e-03    9.29780e-07

DD  step 44999  vol min/aver 0.877  load imb.: force  0.4%

           Step           Time         Lambda
          45000      900.00000        0.00000

   Energies (kJ/mol)
          Angle        LJ (SR)   Coulomb (SR)      Potential    Kinetic En.
    9.05559e+02   -3.14335e+05    0.00000e+00   -3.13429e+05    8.77245e+03
   Total Energy    Temperature Pressure (bar)   Constr. rmsd
   -3.04657e+05    3.01580e+02    2.35753e+00    8.77677e-07

DD  step 49999  vol min/aver 0.892  load imb.: force  1.9%

           Step           Time         Lambda
          50000     1000.00000        0.00000

   Energies (kJ/mol)
          Angle        LJ (SR)   Coulomb (SR)      Potential    Kinetic En.
    8.75669e+02   -3.14668e+05    0.00000e+00   -3.13793e+05    8.69055e+03
   Total Energy    Temperature Pressure (bar)   Constr. rmsd
   -3.05102e+05    2.98764e+02    9.36567e-01    8.77621e-07

DD  step 54999  vol min/aver 0.885  load imb.: force  0.5%

           Step           Time         Lambda
          55000     1100.00000        0.00000

   Energies (kJ/mol)
          Angle        LJ (SR)   Coulomb (SR)      Potential    Kinetic En.
    8.85829e+02   -3.14458e+05    0.00000e+00   -3.13572e+05    8.76328e+03
   Total Energy    Temperature Pressure (bar)   Constr. rmsd
   -3.04809e+05    3.01265e+02   -1.67235e+00    8.96577e-07

DD  step 59999  vol min/aver 0.837  load imb.: force 53.9%

           Step           Time         Lambda
          60000     1200.00000        0.00000

   Energies (kJ/mol)
          Angle        LJ (SR)   Coulomb (SR)      Potential    Kinetic En.
    8.97747e+02   -3.14703e+05    0.00000e+00   -3.13805e+05    8.82674e+03
   Total Energy    Temperature Pressure (bar)   Constr. rmsd
   -3.04978e+05    3.03446e+02   -1.29350e+00    8.81916e-07

DD  step 64999  vol min/aver 0.870  load imb.: force  0.4%

           Step           Time         Lambda
          65000     1300.00000        0.00000

   Energies (kJ/mol)
          Angle        LJ (SR)   Coulomb (SR)      Potential    Kinetic En.
    9.33251e+02   -3.14756e+05    0.00000e+00   -3.13823e+05    8.83654e+03
   Total Energy    Temperature Pressure (bar)   Constr. rmsd
   -3.04987e+05    3.03783e+02    3.63877e+00    9.04958e-07

DD  step 69999  vol min/aver 0.883  load imb.: force  4.7%

           Step           Time         Lambda
          70000     1400.00000        0.00000

   Energies (kJ/mol)
          Angle        LJ (SR)   Coulomb (SR)      Potential    Kinetic En.
    8.83016e+02   -3.14612e+05    0.00000e+00   -3.13729e+05    8.88399e+03
   Total Energy    Temperature Pressure (bar)   Constr. rmsd
   -3.04845e+05    3.05414e+02   -2.60088e+00    8.87844e-07

DD  step 74999  vol min/aver 0.858  load imb.: force  1.0%

           Step           Time         Lambda
          75000     1500.00000        0.00000

   Energies (kJ/mol)
          Angle        LJ (SR)   Coulomb (SR)      Potential    Kinetic En.
    9.66189e+02   -3.14536e+05    0.00000e+00   -3.13570e+05    8.55193e+03
   Total Energy    Temperature Pressure (bar)   Constr. rmsd
   -3.05018e+05    2.93999e+02   -1.05952e-01    9.19428e-07

DD  step 79999  vol min/aver 0.853  load imb.: force  0.2%

           Step           Time         Lambda
          80000     1600.00000        0.00000

   Energies (kJ/mol)
          Angle        LJ (SR)   Coulomb (SR)      Potential    Kinetic En.
    9.21521e+02   -3.14818e+05    0.00000e+00   -3.13897e+05    8.71575e+03
   Total Energy    Temperature Pressure (bar)   Constr. rmsd
   -3.05181e+05    2.99631e+02    4.33597e+00    9.19618e-07

DD  step 84999  vol min/aver 0.858  load imb.: force  1.6%

           Step           Time         Lambda
          85000     1700.00000        0.00000

   Energies (kJ/mol)
          Angle        LJ (SR)   Coulomb (SR)      Potential    Kinetic En.
    9.42779e+02   -3.14995e+05    0.00000e+00   -3.14052e+05    8.58309e+03
   Total Energy    Temperature Pressure (bar)   Constr. rmsd
   -3.05469e+05    2.95070e+02    9.55727e-01    9.09700e-07

DD  step 89999  vol min/aver 0.850  load imb.: force  1.2%

           Step           Time         Lambda
          90000     1800.00000        0.00000

   Energies (kJ/mol)
          Angle        LJ (SR)   Coulomb (SR)      Potential    Kinetic En.
    9.82133e+02   -3.14933e+05    0.00000e+00   -3.13951e+05    8.75201e+03
   Total Energy    Temperature Pressure (bar)   Constr. rmsd
   -3.05199e+05    3.00877e+02    2.41778e+00    9.18729e-07

DD  step 94999  vol min/aver 0.846  load imb.: force  1.2%

           Step           Time         Lambda
          95000     1900.00000        0.00000

   Energies (kJ/mol)
          Angle        LJ (SR)   Coulomb (SR)      Potential    Kinetic En.
    1.03115e+03   -3.14889e+05    0.00000e+00   -3.13858e+05    8.80215e+03
   Total Energy    Temperature Pressure (bar)   Constr. rmsd
   -3.05056e+05    3.02601e+02   -6.34493e+00    9.09667e-07

DD  step 99999  vol min/aver 0.843  load imb.: force  1.9%

           Step           Time         Lambda
         100000     2000.00000        0.00000

   Energies (kJ/mol)
          Angle        LJ (SR)   Coulomb (SR)      Potential    Kinetic En.
    1.08011e+03   -3.15165e+05    0.00000e+00   -3.14085e+05    8.89451e+03
   Total Energy    Temperature Pressure (bar)   Constr. rmsd
   -3.05190e+05    3.05776e+02   -5.80335e+00    9.47856e-07

DD  step 104999  vol min/aver 0.834  load imb.: force  0.7%

           Step           Time         Lambda
         105000     2100.00000        0.00000

   Energies (kJ/mol)
          Angle        LJ (SR)   Coulomb (SR)      Potential    Kinetic En.
    1.01861e+03   -3.15062e+05    0.00000e+00   -3.14043e+05    8.76526e+03
   Total Energy    Temperature Pressure (bar)   Constr. rmsd
   -3.05278e+05    3.01333e+02   -2.37969e+00    8.96783e-07

DD  step 109999  vol min/aver 0.828  load imb.: force  0.3%

           Step           Time         Lambda
         110000     2200.00000        0.00000

   Energies (kJ/mol)
          Angle        LJ (SR)   Coulomb (SR)      Potential    Kinetic En.
    1.10900e+03   -3.14962e+05    0.00000e+00   -3.13854e+05    8.82389e+03
   Total Energy    Temperature Pressure (bar)   Constr. rmsd
   -3.05030e+05    3.03348e+02    2.33346e-01    9.08623e-07

DD  step 114999  vol min/aver 0.831  load imb.: force  1.6%

           Step           Time         Lambda
         115000     2300.00000        0.00000

   Energies (kJ/mol)
          Angle        LJ (SR)   Coulomb (SR)      Potential    Kinetic En.
    1.12164e+03   -3.15094e+05    0.00000e+00   -3.13972e+05    8.68776e+03
   Total Energy    Temperature Pressure (bar)   Constr. rmsd
   -3.05285e+05    2.98668e+02    7.92093e-01    9.15457e-07

DD  step 119999  vol min/aver 0.820  load imb.: force  0.1%

           Step           Time         Lambda
         120000     2400.00000        0.00000

   Energies (kJ/mol)
          Angle        LJ (SR)   Coulomb (SR)      Potential    Kinetic En.
    1.11574e+03   -3.15199e+05    0.00000e+00   -3.14083e+05    8.75496e+03
   Total Energy    Temperature Pressure (bar)   Constr. rmsd
   -3.05328e+05    3.00978e+02   -1.31725e+00    9.34967e-07

DD  step 124999  vol min/aver 0.820  load imb.: force  0.5%

           Step           Time         Lambda
         125000     2500.00000        0.00000

   Energies (kJ/mol)
          Angle        LJ (SR)   Coulomb (SR)      Potential    Kinetic En.
    1.08285e+03   -3.15319e+05    0.00000e+00   -3.14236e+05    8.77403e+03
   Total Energy    Temperature Pressure (bar)   Constr. rmsd
   -3.05462e+05    3.01634e+02    4.39976e+00    9.25392e-07

DD  step 129999  vol min/aver 0.813  load imb.: force  0.2%

           Step           Time         Lambda
         130000     2600.00000        0.00000

   Energies (kJ/mol)
          Angle        LJ (SR)   Coulomb (SR)      Potential    Kinetic En.
    1.15894e+03   -3.15299e+05    0.00000e+00   -3.14140e+05    8.69752e+03
   Total Energy    Temperature Pressure (bar)   Constr. rmsd
   -3.05442e+05    2.99004e+02    1.29463e+00    9.39613e-07

DD  step 134999  vol min/aver 0.803  load imb.: force  0.7%

           Step           Time         Lambda
         135000     2700.00000        0.00000

   Energies (kJ/mol)
          Angle        LJ (SR)   Coulomb (SR)      Potential    Kinetic En.
    1.14413e+03   -3.15185e+05    0.00000e+00   -3.14041e+05    9.04155e+03
   Total Energy    Temperature Pressure (bar)   Constr. rmsd
   -3.05000e+05    3.10831e+02    6.15943e-01    9.56150e-07

Writing checkpoint, step 139875 at Tue Jan 22 17:27:48 2013


DD  step 139999  vol min/aver 0.803  load imb.: force  1.0%

           Step           Time         Lambda
         140000     2800.00000        0.00000

   Energies (kJ/mol)
          Angle        LJ (SR)   Coulomb (SR)      Potential    Kinetic En.
    1.11379e+03   -3.15379e+05    0.00000e+00   -3.14265e+05    8.67679e+03
   Total Energy    Temperature Pressure (bar)   Constr. rmsd
   -3.05588e+05    2.98291e+02   -1.57718e+00    9.87870e-07

DD  step 144999  vol min/aver 0.806  load imb.: force  0.3%

           Step           Time         Lambda
         145000     2900.00000        0.00000

   Energies (kJ/mol)
          Angle        LJ (SR)   Coulomb (SR)      Potential    Kinetic En.
    1.20321e+03   -3.15254e+05    0.00000e+00   -3.14051e+05    8.78319e+03
   Total Energy    Temperature Pressure (bar)   Constr. rmsd
   -3.05268e+05    3.01949e+02    2.68804e+00    9.69487e-07

DD  step 149999  vol min/aver 0.807  load imb.: force  2.8%

           Step           Time         Lambda
         150000     3000.00000        0.00000

   Energies (kJ/mol)
          Angle        LJ (SR)   Coulomb (SR)      Potential    Kinetic En.
    1.16531e+03   -3.15461e+05    0.00000e+00   -3.14296e+05    8.80095e+03
   Total Energy    Temperature Pressure (bar)   Constr. rmsd
   -3.05495e+05    3.02560e+02    7.53641e+00    9.63418e-07

DD  step 154999  vol min/aver 0.796  load imb.: force  0.7%

           Step           Time         Lambda
         155000     3100.00000        0.00000

   Energies (kJ/mol)
          Angle        LJ (SR)   Coulomb (SR)      Potential    Kinetic En.
    1.18838e+03   -3.15494e+05    0.00000e+00   -3.14306e+05    8.85742e+03
   Total Energy    Temperature Pressure (bar)   Constr. rmsd
   -3.05448e+05    3.04501e+02   -4.21377e+00    9.38450e-07

DD  step 159999  vol min/aver 0.760  load imb.: force  1.5%

           Step           Time         Lambda
         160000     3200.00000        0.00000

   Energies (kJ/mol)
          Angle        LJ (SR)   Coulomb (SR)      Potential    Kinetic En.
    9.79291e+02   -3.18114e+05    0.00000e+00   -3.17135e+05    8.63825e+03
   Total Energy    Temperature Pressure (bar)   Constr. rmsd
   -3.08497e+05    2.96966e+02   -3.44991e+00    9.59275e-07

DD  step 164999  vol min/aver 0.749  load imb.: force  0.3%

           Step           Time         Lambda
         165000     3300.00000        0.00000

   Energies (kJ/mol)
          Angle        LJ (SR)   Coulomb (SR)      Potential    Kinetic En.
    1.02564e+03   -3.19214e+05    0.00000e+00   -3.18188e+05    8.67720e+03
   Total Energy    Temperature Pressure (bar)   Constr. rmsd
   -3.09511e+05    2.98305e+02   -1.36584e+00    9.65533e-07

DD  step 169999  vol min/aver 0.750  load imb.: force  0.1%

           Step           Time         Lambda
         170000     3400.00000        0.00000

   Energies (kJ/mol)
          Angle        LJ (SR)   Coulomb (SR)      Potential    Kinetic En.
    9.76834e+02   -3.19506e+05    0.00000e+00   -3.18530e+05    8.79454e+03
   Total Energy    Temperature Pressure (bar)   Constr. rmsd
   -3.09735e+05    3.02339e+02   -7.62983e-01    9.77714e-07

DD  step 174999  vol min/aver 0.749  load imb.: force  0.3%

           Step           Time         Lambda
         175000     3500.00000        0.00000

   Energies (kJ/mol)
          Angle        LJ (SR)   Coulomb (SR)      Potential    Kinetic En.
    1.03486e+03   -3.19380e+05    0.00000e+00   -3.18345e+05    8.57201e+03
   Total Energy    Temperature Pressure (bar)   Constr. rmsd
   -3.09773e+05    2.94689e+02    1.52345e+00    9.39239e-07

DD  step 179999  vol min/aver 0.754  load imb.: force  0.7%

           Step           Time         Lambda
         180000     3600.00000        0.00000

   Energies (kJ/mol)
          Angle        LJ (SR)   Coulomb (SR)      Potential    Kinetic En.
    1.00297e+03   -3.19671e+05    0.00000e+00   -3.18668e+05    8.97969e+03
   Total Energy    Temperature Pressure (bar)   Constr. rmsd
   -3.09688e+05    3.08704e+02   -4.46284e-01    9.86187e-07

DD  step 184999  vol min/aver 0.754  load imb.: force  1.6%

           Step           Time         Lambda
         185000     3700.00000        0.00000

   Energies (kJ/mol)
          Angle        LJ (SR)   Coulomb (SR)      Potential    Kinetic En.
    1.03777e+03   -3.19676e+05    0.00000e+00   -3.18638e+05    8.59469e+03
   Total Energy    Temperature Pressure (bar)   Constr. rmsd
   -3.10044e+05    2.95469e+02   -3.69415e+00    9.97706e-07

DD  step 189999  vol min/aver 0.746  load imb.: force  0.5%

           Step           Time         Lambda
         190000     3800.00000        0.00000

   Energies (kJ/mol)
          Angle        LJ (SR)   Coulomb (SR)      Potential    Kinetic En.
    1.07652e+03   -3.19985e+05    0.00000e+00   -3.18908e+05    8.63683e+03
   Total Energy    Temperature Pressure (bar)   Constr. rmsd
   -3.10271e+05    2.96918e+02    2.39848e+00    9.81484e-07

DD  step 194999  vol min/aver 0.752  load imb.: force  0.8%

           Step           Time         Lambda
         195000     3900.00000        0.00000

   Energies (kJ/mol)
          Angle        LJ (SR)   Coulomb (SR)      Potential    Kinetic En.
    1.03993e+03   -3.19874e+05    0.00000e+00   -3.18834e+05    8.57437e+03
   Total Energy    Temperature Pressure (bar)   Constr. rmsd
   -3.10260e+05    2.94770e+02    2.36326e+00    9.91029e-07

DD  step 199999  vol min/aver 0.761  load imb.: force  0.2%

           Step           Time         Lambda
         200000     4000.00000        0.00000

   Energies (kJ/mol)
          Angle        LJ (SR)   Coulomb (SR)      Potential    Kinetic En.
    1.08195e+03   -3.19822e+05    0.00000e+00   -3.18740e+05    8.82962e+03
   Total Energy    Temperature Pressure (bar)   Constr. rmsd
   -3.09910e+05    3.03545e+02    3.59906e+00    9.83982e-07

DD  step 204999  vol min/aver 0.757  load imb.: force  0.2%

           Step           Time         Lambda
         205000     4100.00000        0.00000

   Energies (kJ/mol)
          Angle        LJ (SR)   Coulomb (SR)      Potential    Kinetic En.
    1.16854e+03   -3.19635e+05    0.00000e+00   -3.18466e+05    8.91217e+03
   Total Energy    Temperature Pressure (bar)   Constr. rmsd
   -3.09554e+05    3.06383e+02    4.97288e+00    9.99024e-07

DD  step 209999  vol min/aver 0.753  load imb.: force  3.7%

           Step           Time         Lambda
         210000     4200.00000        0.00000

   Energies (kJ/mol)
          Angle        LJ (SR)   Coulomb (SR)      Potential    Kinetic En.
    1.13485e+03   -3.20067e+05    0.00000e+00   -3.18932e+05    9.04358e+03
   Total Energy    Temperature Pressure (bar)   Constr. rmsd
   -3.09888e+05    3.10901e+02    1.10461e+00    9.74535e-07

DD  step 214999  vol min/aver 0.752  load imb.: force  2.1%

           Step           Time         Lambda
         215000     4300.00000        0.00000

   Energies (kJ/mol)
          Angle        LJ (SR)   Coulomb (SR)      Potential    Kinetic En.
    1.13173e+03   -3.19942e+05    0.00000e+00   -3.18810e+05    8.67953e+03
   Total Energy    Temperature Pressure (bar)   Constr. rmsd
   -3.10131e+05    2.98385e+02    1.62177e+00    9.66832e-07

DD  step 219999  vol min/aver 0.763  load imb.: force  0.6%

           Step           Time         Lambda
         220000     4400.00000        0.00000

   Energies (kJ/mol)
          Angle        LJ (SR)   Coulomb (SR)      Potential    Kinetic En.
    1.20770e+03   -3.20052e+05    0.00000e+00   -3.18844e+05    8.58107e+03
   Total Energy    Temperature Pressure (bar)   Constr. rmsd
   -3.10263e+05    2.95001e+02    6.31258e+00    9.63097e-07

DD  step 224999  vol min/aver 0.759  load imb.: force  0.3%

           Step           Time         Lambda
         225000     4500.00000        0.00000

   Energies (kJ/mol)
          Angle        LJ (SR)   Coulomb (SR)      Potential    Kinetic En.
    1.17375e+03   -3.20284e+05    0.00000e+00   -3.19110e+05    8.65083e+03
   Total Energy    Temperature Pressure (bar)   Constr. rmsd
   -3.10459e+05    2.97399e+02   -3.36699e+00    1.02233e-06

DD  step 229999  vol min/aver 0.772  load imb.: force  1.2%

           Step           Time         Lambda
         230000     4600.00000        0.00000

   Energies (kJ/mol)
          Angle        LJ (SR)   Coulomb (SR)      Potential    Kinetic En.
    1.19709e+03   -3.20062e+05    0.00000e+00   -3.18864e+05    8.84921e+03
   Total Energy    Temperature Pressure (bar)   Constr. rmsd
   -3.10015e+05    3.04219e+02    6.43480e-01    9.75571e-07

DD  step 234999  vol min/aver 0.761  load imb.: force  0.7%

           Step           Time         Lambda
         235000     4700.00000        0.00000

   Energies (kJ/mol)
          Angle        LJ (SR)   Coulomb (SR)      Potential    Kinetic En.
    1.16357e+03   -3.20311e+05    0.00000e+00   -3.19148e+05    8.74458e+03
   Total Energy    Temperature Pressure (bar)   Constr. rmsd
   -3.10403e+05    3.00622e+02    8.86191e-01    9.65976e-07

DD  step 239999  vol min/aver 0.757  load imb.: force  1.7%

           Step           Time         Lambda
         240000     4800.00000        0.00000

   Energies (kJ/mol)
          Angle        LJ (SR)   Coulomb (SR)      Potential    Kinetic En.
    1.17102e+03   -3.20266e+05    0.00000e+00   -3.19096e+05    8.77279e+03
   Total Energy    Temperature Pressure (bar)   Constr. rmsd
   -3.10323e+05    3.01592e+02    3.63428e+00    9.85538e-07

DD  step 244999  vol min/aver 0.760  load imb.: force  2.1%

           Step           Time         Lambda
         245000     4900.00000        0.00000

   Energies (kJ/mol)
          Angle        LJ (SR)   Coulomb (SR)      Potential    Kinetic En.
    1.17191e+03   -3.20734e+05    0.00000e+00   -3.19562e+05    8.74328e+03
   Total Energy    Temperature Pressure (bar)   Constr. rmsd
   -3.10819e+05    3.00577e+02   -5.45372e+00    9.88554e-07

DD  step 249999  vol min/aver 0.792  load imb.: force  6.6%

           Step           Time         Lambda
         250000     5000.00000        0.00000

Writing checkpoint, step 250000 at Tue Jan 22 17:39:27 2013


   Energies (kJ/mol)
          Angle        LJ (SR)   Coulomb (SR)      Potential    Kinetic En.
    1.24736e+03   -3.20601e+05    0.00000e+00   -3.19353e+05    8.65607e+03
   Total Energy    Temperature Pressure (bar)   Constr. rmsd
   -3.10697e+05    2.97579e+02   -3.62613e+00    9.76675e-07

	<======  ###############  ==>
	<====  A V E R A G E S  ====>
	<==  ###############  ======>

	Statistics over 250001 steps using 2501 frames

   Energies (kJ/mol)
          Angle        LJ (SR)   Coulomb (SR)      Potential    Kinetic En.
    1.02373e+03   -3.16539e+05    0.00000e+00   -3.15515e+05    8.72809e+03
   Total Energy    Temperature Pressure (bar)   Constr. rmsd
   -3.06787e+05    3.00055e+02    4.56266e-02    0.00000e+00

          Box-X          Box-Y          Box-Z
    2.56161e+01    2.56161e+01    2.56161e+01

   Total Virial (kJ/mol)
    2.82919e+03    1.08048e+01    2.56336e+01
    1.08048e+01    2.91623e+03    1.50996e+01
    2.56338e+01    1.50995e+01    2.91312e+03

   Pressure (bar)
    1.33940e-01   -3.20794e-02    1.32655e-02
   -3.20794e-02    4.07192e-02   -3.54375e-02
    1.32650e-02   -3.54374e-02   -3.77791e-02


	M E G A - F L O P S   A C C O U N T I N G

 NB=Group-cutoff nonbonded kernels    NxN=N-by-N cluster Verlet kernels
 RF=Reaction-Field  VdW=Van der Waals  QSTab=quadratic-spline table
 W3=SPC/TIP3p  W4=TIP4p (single or pairs)
 V&F=Potential and force  V=Potential only  F=Force only

 Computing:                               M-Number         M-Flops  % Flops
-----------------------------------------------------------------------------
 NB VdW [V&F]                         44056.635790       44056.636     1.1
 NB VdW [F]                         3678729.176250     3678729.176    91.6
 NS-Pairs                              8656.582959      181788.242     4.5
 Reset In Box                            50.001000         150.003     0.0
 CG-CoM                                 150.006000         450.018     0.0
 Angles                                 250.001000       42000.168     1.0
 Virial                                 154.503090        2781.056     0.1
 Stop-CM                                  7.506000          75.060     0.0
 P-Coupling                             750.003000        4500.018     0.1
 Calc-Ekin                              300.006000        8100.162     0.2
 Lincs                                  500.006000       30000.360     0.7
 Lincs-Mat                             3000.036000       12000.144     0.3
 Constraint-V                          1000.008000        8000.064     0.2
 Constraint-Vir                         100.002000        2400.048     0.1
-----------------------------------------------------------------------------
 Total                                                 4015031.155   100.0
-----------------------------------------------------------------------------


    D O M A I N   D E C O M P O S I T I O N   S T A T I S T I C S

 av. #atoms communicated per step for force:  2 x 1254.5

 Average load imbalance: 3.8 %
 Part of the total run time spent waiting due to load imbalance: 2.0 %
 Steps where the load balancing was limited by -rdd, -rcon and/or -dds: X 0 %


     R E A L   C Y C L E   A N D   T I M E   A C C O U N T I N G

 Computing:         Nodes   Th.     Count  Wall t (s)     G-Cycles       %
-----------------------------------------------------------------------------
 Domain decomp.         2    1      50001      27.967      134.253     1.7
 DD comm. load          2    1      50000      10.293       49.411     0.6
 DD comm. bounds        2    1      50000       1.897        9.105     0.1
 Neighbor search        2    1      50001     192.076      922.027    12.0
 Comm. coord.           2    1     250001      36.486      175.146     2.3
 Force                  2    1     250001    1091.938     5241.670    68.3
 Wait + Comm. F         2    1     250001     166.479      799.157    10.4
 Write traj.            2    1        502       0.457        2.194     0.0
 Update                 2    1     250001      10.087       48.420     0.6
 Constraints            2    1     250001      35.270      169.309     2.2
 Comm. energies         2    1      50001      15.998       76.794     1.0
 Rest                   2                      10.197       48.948     0.6
-----------------------------------------------------------------------------
 Total                  2                    1599.145     7676.434   100.0
-----------------------------------------------------------------------------

               Core t (s)   Wall t (s)        (%)
       Time:     2844.150     1599.145      177.9
                 (ns/day)    (hour/ns)
Performance:      270.145        0.089
Finished mdrun on node 0 Tue Jan 22 17:39:27 2013
